{"/Users/lizhao/Desktop/playground/game2048/src/App.tsx": {"path":"/Users/lizhao/Desktop/playground/game2048/src/App.tsx","all":false,"statementMap":{"0":{"start":{"line":1,"column":0},"end":{"line":1,"column":40}},"1":{"start":{"line":2,"column":0},"end":{"line":2,"column":41}},"3":{"start":{"line":4,"column":0},"end":{"line":4,"column":19}},"4":{"start":{"line":5,"column":0},"end":{"line":5,"column":10}},"5":{"start":{"line":6,"column":0},"end":{"line":6,"column":19}},"6":{"start":{"line":7,"column":0},"end":{"line":7,"column":14}},"7":{"start":{"line":8,"column":0},"end":{"line":8,"column":20}},"9":{"start":{"line":10,"column":0},"end":{"line":10,"column":2}},"11":{"start":{"line":12,"column":0},"end":{"line":12,"column":19}}},"s":{"0":1,"1":1,"3":1,"4":4,"5":4,"6":4,"7":4,"9":4,"11":1},"branchMap":{"0":{"type":"branch","line":4,"loc":{"start":{"line":4,"column":12},"end":{"line":10,"column":2}},"locations":[{"start":{"line":4,"column":12},"end":{"line":10,"column":2}}]}},"b":{"0":[4]},"fnMap":{"0":{"name":"App","decl":{"start":{"line":4,"column":12},"end":{"line":10,"column":2}},"loc":{"start":{"line":4,"column":12},"end":{"line":10,"column":2}},"line":4}},"f":{"0":4}}
,"/Users/lizhao/Desktop/playground/game2048/src/components/AIHint.tsx": {"path":"/Users/lizhao/Desktop/playground/game2048/src/components/AIHint.tsx","all":false,"statementMap":{"0":{"start":{"line":1,"column":0},"end":{"line":1,"column":33}},"13":{"start":{"line":14,"column":0},"end":{"line":14,"column":59}},"14":{"start":{"line":15,"column":0},"end":{"line":15,"column":48}},"15":{"start":{"line":16,"column":0},"end":{"line":16,"column":59}},"16":{"start":{"line":17,"column":0},"end":{"line":17,"column":58}},"18":{"start":{"line":19,"column":0},"end":{"line":19,"column":37}},"19":{"start":{"line":20,"column":0},"end":{"line":20,"column":21}},"20":{"start":{"line":21,"column":0},"end":{"line":21,"column":19}},"22":{"start":{"line":23,"column":0},"end":{"line":23,"column":9}},"23":{"start":{"line":24,"column":0},"end":{"line":24,"column":47}},"24":{"start":{"line":25,"column":0},"end":{"line":25,"column":25}},"25":{"start":{"line":26,"column":0},"end":{"line":26,"column":19}},"26":{"start":{"line":27,"column":0},"end":{"line":27,"column":68}},"27":{"start":{"line":28,"column":0},"end":{"line":28,"column":44}},"28":{"start":{"line":29,"column":0},"end":{"line":29,"column":15}},"29":{"start":{"line":30,"column":0},"end":{"line":30,"column":24}},"30":{"start":{"line":31,"column":0},"end":{"line":31,"column":5}},"31":{"start":{"line":32,"column":0},"end":{"line":32,"column":4}},"33":{"start":{"line":34,"column":0},"end":{"line":34,"column":33}},"34":{"start":{"line":35,"column":0},"end":{"line":35,"column":15}},"35":{"start":{"line":36,"column":0},"end":{"line":36,"column":19}},"36":{"start":{"line":37,"column":0},"end":{"line":37,"column":20}},"37":{"start":{"line":38,"column":0},"end":{"line":38,"column":5}},"38":{"start":{"line":39,"column":0},"end":{"line":39,"column":4}},"40":{"start":{"line":41,"column":0},"end":{"line":41,"column":63}},"41":{"start":{"line":42,"column":0},"end":{"line":42,"column":20}},"42":{"start":{"line":43,"column":0},"end":{"line":43,"column":28}},"43":{"start":{"line":44,"column":0},"end":{"line":44,"column":29}},"44":{"start":{"line":45,"column":0},"end":{"line":45,"column":26}},"45":{"start":{"line":46,"column":0},"end":{"line":46,"column":28}},"46":{"start":{"line":47,"column":0},"end":{"line":47,"column":6}},"47":{"start":{"line":48,"column":0},"end":{"line":48,"column":29}},"48":{"start":{"line":49,"column":0},"end":{"line":49,"column":4}},"50":{"start":{"line":51,"column":0},"end":{"line":51,"column":10}},"51":{"start":{"line":52,"column":0},"end":{"line":52,"column":46}},"52":{"start":{"line":53,"column":0},"end":{"line":53,"column":34}},"53":{"start":{"line":54,"column":0},"end":{"line":54,"column":59}},"54":{"start":{"line":55,"column":0},"end":{"line":55,"column":54}},"55":{"start":{"line":56,"column":0},"end":{"line":56,"column":17}},"56":{"start":{"line":57,"column":0},"end":{"line":57,"column":18}},"57":{"start":{"line":58,"column":0},"end":{"line":58,"column":64}},"58":{"start":{"line":59,"column":0},"end":{"line":59,"column":65}},"59":{"start":{"line":60,"column":0},"end":{"line":60,"column":19}},"61":{"start":{"line":62,"column":0},"end":{"line":62,"column":12}},"62":{"start":{"line":63,"column":0},"end":{"line":63,"column":17}},"63":{"start":{"line":64,"column":0},"end":{"line":64,"column":59}},"65":{"start":{"line":66,"column":0},"end":{"line":66,"column":10}},"67":{"start":{"line":68,"column":0},"end":{"line":68,"column":2}}},"s":{"0":1,"13":1,"14":51,"15":51,"16":51,"18":51,"19":10,"20":10,"22":10,"23":10,"24":7,"25":10,"26":3,"27":3,"28":10,"29":10,"30":10,"31":10,"33":51,"34":3,"35":3,"36":3,"37":3,"38":3,"40":51,"41":5,"42":5,"43":5,"44":5,"45":5,"46":5,"47":5,"48":5,"50":51,"51":51,"52":51,"53":51,"54":51,"55":51,"56":51,"57":5,"58":5,"59":5,"61":51,"62":51,"63":3,"65":51,"67":51},"branchMap":{"0":{"type":"branch","line":14,"loc":{"start":{"line":14,"column":22},"end":{"line":68,"column":2}},"locations":[{"start":{"line":14,"column":22},"end":{"line":68,"column":2}}]},"1":{"type":"branch","line":55,"loc":{"start":{"line":55,"column":11},"end":{"line":55,"column":37}},"locations":[{"start":{"line":55,"column":11},"end":{"line":55,"column":37}}]},"2":{"type":"branch","line":55,"loc":{"start":{"line":55,"column":21},"end":{"line":55,"column":54}},"locations":[{"start":{"line":55,"column":21},"end":{"line":55,"column":54}}]},"3":{"type":"branch","line":57,"loc":{"start":{"line":57,"column":9},"end":{"line":60,"column":19}},"locations":[{"start":{"line":57,"column":9},"end":{"line":60,"column":19}}]},"4":{"type":"branch","line":63,"loc":{"start":{"line":63,"column":7},"end":{"line":64,"column":59}},"locations":[{"start":{"line":63,"column":7},"end":{"line":64,"column":59}}]},"5":{"type":"branch","line":19,"loc":{"start":{"line":19,"column":24},"end":{"line":32,"column":4}},"locations":[{"start":{"line":19,"column":24},"end":{"line":32,"column":4}}]},"6":{"type":"branch","line":24,"loc":{"start":{"line":24,"column":45},"end":{"line":26,"column":13}},"locations":[{"start":{"line":24,"column":45},"end":{"line":26,"column":13}}]},"7":{"type":"branch","line":26,"loc":{"start":{"line":26,"column":4},"end":{"line":29,"column":6}},"locations":[{"start":{"line":26,"column":4},"end":{"line":29,"column":6}}]},"8":{"type":"branch","line":34,"loc":{"start":{"line":34,"column":26},"end":{"line":39,"column":4}},"locations":[{"start":{"line":34,"column":26},"end":{"line":39,"column":4}}]},"9":{"type":"branch","line":41,"loc":{"start":{"line":41,"column":28},"end":{"line":49,"column":4}},"locations":[{"start":{"line":41,"column":28},"end":{"line":49,"column":4}}]}},"b":{"0":[51],"1":[10],"2":[41],"3":[5],"4":[3],"5":[10],"6":[7],"7":[3],"8":[3],"9":[5]},"fnMap":{"0":{"name":"AIHint","decl":{"start":{"line":14,"column":22},"end":{"line":68,"column":2}},"loc":{"start":{"line":14,"column":22},"end":{"line":68,"column":2}},"line":14},"1":{"name":"handleGetHint","decl":{"start":{"line":19,"column":24},"end":{"line":32,"column":4}},"loc":{"start":{"line":19,"column":24},"end":{"line":32,"column":4}},"line":19},"2":{"name":"handleApplyHint","decl":{"start":{"line":34,"column":26},"end":{"line":39,"column":4}},"loc":{"start":{"line":34,"column":26},"end":{"line":39,"column":4}},"line":34},"3":{"name":"getDirectionArrow","decl":{"start":{"line":41,"column":28},"end":{"line":49,"column":4}},"loc":{"start":{"line":41,"column":28},"end":{"line":49,"column":4}},"line":41}},"f":{"0":51,"1":10,"2":3,"3":5}}
,"/Users/lizhao/Desktop/playground/game2048/src/components/Board.tsx": {"path":"/Users/lizhao/Desktop/playground/game2048/src/components/Board.tsx","all":false,"statementMap":{"0":{"start":{"line":1,"column":0},"end":{"line":1,"column":45}},"11":{"start":{"line":12,"column":0},"end":{"line":12,"column":60}},"13":{"start":{"line":14,"column":0},"end":{"line":14,"column":68}},"14":{"start":{"line":15,"column":0},"end":{"line":15,"column":17}},"15":{"start":{"line":16,"column":0},"end":{"line":16,"column":21}},"16":{"start":{"line":17,"column":0},"end":{"line":17,"column":84}},"18":{"start":{"line":19,"column":0},"end":{"line":19,"column":10}},"19":{"start":{"line":20,"column":0},"end":{"line":20,"column":8}},"20":{"start":{"line":21,"column":0},"end":{"line":21,"column":72}},"21":{"start":{"line":22,"column":0},"end":{"line":22,"column":14}},"22":{"start":{"line":23,"column":0},"end":{"line":23,"column":57}},"23":{"start":{"line":24,"column":0},"end":{"line":24,"column":37}},"24":{"start":{"line":25,"column":0},"end":{"line":25,"column":38}},"25":{"start":{"line":26,"column":0},"end":{"line":26,"column":8}},"27":{"start":{"line":28,"column":0},"end":{"line":28,"column":42}},"28":{"start":{"line":29,"column":0},"end":{"line":29,"column":57}},"29":{"start":{"line":30,"column":0},"end":{"line":30,"column":9}},"30":{"start":{"line":31,"column":0},"end":{"line":31,"column":10}},"32":{"start":{"line":33,"column":0},"end":{"line":33,"column":2}}},"s":{"0":1,"11":1,"13":32,"14":32,"15":32,"16":32,"18":32,"19":32,"20":32,"21":32,"22":32,"23":32,"24":32,"25":32,"27":32,"28":579,"29":32,"30":32,"32":32},"branchMap":{"0":{"type":"branch","line":12,"loc":{"start":{"line":12,"column":21},"end":{"line":33,"column":2}},"locations":[{"start":{"line":12,"column":21},"end":{"line":33,"column":2}}]},"1":{"type":"branch","line":14,"loc":{"start":{"line":14,"column":33},"end":{"line":14,"column":42}},"locations":[{"start":{"line":14,"column":33},"end":{"line":14,"column":42}}]},"2":{"type":"branch","line":14,"loc":{"start":{"line":14,"column":37},"end":{"line":14,"column":68}},"locations":[{"start":{"line":14,"column":37},"end":{"line":14,"column":68}}]},"3":{"type":"branch","line":14,"loc":{"start":{"line":14,"column":56},"end":{"line":14,"column":65}},"locations":[{"start":{"line":14,"column":56},"end":{"line":14,"column":65}}]},"4":{"type":"branch","line":14,"loc":{"start":{"line":14,"column":60},"end":{"line":14,"column":68}},"locations":[{"start":{"line":14,"column":60},"end":{"line":14,"column":68}}]},"5":{"type":"branch","line":28,"loc":{"start":{"line":28,"column":24},"end":{"line":29,"column":57}},"locations":[{"start":{"line":28,"column":24},"end":{"line":29,"column":57}}]}},"b":{"0":[32],"1":[27],"2":[5],"3":[3],"4":[2],"5":[579]},"fnMap":{"0":{"name":"Board","decl":{"start":{"line":12,"column":21},"end":{"line":33,"column":2}},"loc":{"start":{"line":12,"column":21},"end":{"line":33,"column":2}},"line":12}},"f":{"0":32}}
,"/Users/lizhao/Desktop/playground/game2048/src/components/BoardSizeSelector.tsx": {"path":"/Users/lizhao/Desktop/playground/game2048/src/components/BoardSizeSelector.tsx","all":false,"statementMap":{"0":{"start":{"line":1,"column":0},"end":{"line":1,"column":67}},"11":{"start":{"line":12,"column":0},"end":{"line":12,"column":93}},"12":{"start":{"line":13,"column":0},"end":{"line":13,"column":69}},"13":{"start":{"line":14,"column":0},"end":{"line":14,"column":50}},"14":{"start":{"line":15,"column":0},"end":{"line":15,"column":68}},"15":{"start":{"line":16,"column":0},"end":{"line":16,"column":17}},"16":{"start":{"line":17,"column":0},"end":{"line":17,"column":27}},"17":{"start":{"line":18,"column":0},"end":{"line":18,"column":5}},"18":{"start":{"line":19,"column":0},"end":{"line":19,"column":4}},"20":{"start":{"line":21,"column":0},"end":{"line":21,"column":10}},"21":{"start":{"line":22,"column":0},"end":{"line":22,"column":179}},"22":{"start":{"line":23,"column":0},"end":{"line":23,"column":78}},"23":{"start":{"line":24,"column":0},"end":{"line":24,"column":47}},"24":{"start":{"line":25,"column":0},"end":{"line":25,"column":121}},"26":{"start":{"line":27,"column":0},"end":{"line":27,"column":16}},"27":{"start":{"line":28,"column":0},"end":{"line":28,"column":15}},"28":{"start":{"line":29,"column":0},"end":{"line":29,"column":25}},"29":{"start":{"line":30,"column":0},"end":{"line":30,"column":29}},"30":{"start":{"line":31,"column":0},"end":{"line":31,"column":33}},"31":{"start":{"line":32,"column":0},"end":{"line":32,"column":346}},"33":{"start":{"line":34,"column":0},"end":{"line":34,"column":40}},"34":{"start":{"line":35,"column":0},"end":{"line":35,"column":58}},"35":{"start":{"line":36,"column":0},"end":{"line":36,"column":27}},"36":{"start":{"line":37,"column":0},"end":{"line":37,"column":21}},"37":{"start":{"line":38,"column":0},"end":{"line":38,"column":13}},"38":{"start":{"line":39,"column":0},"end":{"line":39,"column":17}},"39":{"start":{"line":40,"column":0},"end":{"line":40,"column":12}},"40":{"start":{"line":41,"column":0},"end":{"line":41,"column":10}},"42":{"start":{"line":43,"column":0},"end":{"line":43,"column":2}}},"s":{"0":1,"11":1,"12":32,"13":3,"14":3,"15":3,"16":3,"17":3,"18":3,"20":32,"21":32,"22":32,"23":32,"24":32,"26":32,"27":32,"28":32,"29":32,"30":32,"31":32,"33":32,"34":96,"35":96,"36":96,"37":32,"38":32,"39":32,"40":32,"42":32},"branchMap":{"0":{"type":"branch","line":12,"loc":{"start":{"line":12,"column":33},"end":{"line":43,"column":2}},"locations":[{"start":{"line":12,"column":33},"end":{"line":43,"column":2}}]},"1":{"type":"branch","line":13,"loc":{"start":{"line":13,"column":23},"end":{"line":19,"column":4}},"locations":[{"start":{"line":13,"column":23},"end":{"line":19,"column":4}}]},"2":{"type":"branch","line":15,"loc":{"start":{"line":15,"column":38},"end":{"line":15,"column":66}},"locations":[{"start":{"line":15,"column":38},"end":{"line":15,"column":66}}]},"3":{"type":"branch","line":34,"loc":{"start":{"line":34,"column":29},"end":{"line":37,"column":21}},"locations":[{"start":{"line":34,"column":29},"end":{"line":37,"column":21}}]}},"b":{"0":[32],"1":[3],"2":[7],"3":[96]},"fnMap":{"0":{"name":"BoardSizeSelector","decl":{"start":{"line":12,"column":33},"end":{"line":43,"column":2}},"loc":{"start":{"line":12,"column":33},"end":{"line":43,"column":2}},"line":12},"1":{"name":"handleChange","decl":{"start":{"line":13,"column":23},"end":{"line":19,"column":4}},"loc":{"start":{"line":13,"column":23},"end":{"line":19,"column":4}},"line":13}},"f":{"0":32,"1":3}}
,"/Users/lizhao/Desktop/playground/game2048/src/components/Button.tsx": {"path":"/Users/lizhao/Desktop/playground/game2048/src/components/Button.tsx","all":false,"statementMap":{"0":{"start":{"line":1,"column":0},"end":{"line":1,"column":45}},"9":{"start":{"line":10,"column":0},"end":{"line":10,"column":25}},"10":{"start":{"line":11,"column":0},"end":{"line":11,"column":12}},"11":{"start":{"line":12,"column":0},"end":{"line":12,"column":23}},"12":{"start":{"line":13,"column":0},"end":{"line":13,"column":17}},"13":{"start":{"line":14,"column":0},"end":{"line":14,"column":11}},"14":{"start":{"line":15,"column":0},"end":{"line":15,"column":20}},"15":{"start":{"line":16,"column":0},"end":{"line":16,"column":137}},"17":{"start":{"line":18,"column":0},"end":{"line":18,"column":25}},"18":{"start":{"line":19,"column":0},"end":{"line":19,"column":115}},"19":{"start":{"line":20,"column":0},"end":{"line":20,"column":117}},"20":{"start":{"line":21,"column":0},"end":{"line":21,"column":4}},"22":{"start":{"line":23,"column":0},"end":{"line":23,"column":10}},"23":{"start":{"line":24,"column":0},"end":{"line":24,"column":12}},"24":{"start":{"line":25,"column":0},"end":{"line":25,"column":72}},"25":{"start":{"line":26,"column":0},"end":{"line":26,"column":16}},"27":{"start":{"line":28,"column":0},"end":{"line":28,"column":16}},"28":{"start":{"line":29,"column":0},"end":{"line":29,"column":13}},"30":{"start":{"line":31,"column":0},"end":{"line":31,"column":2}}},"s":{"0":1,"9":1,"10":92,"11":92,"12":92,"13":92,"14":92,"15":92,"17":92,"18":92,"19":92,"20":92,"22":92,"23":92,"24":92,"25":92,"27":92,"28":92,"30":92},"branchMap":{"0":{"type":"branch","line":10,"loc":{"start":{"line":10,"column":22},"end":{"line":31,"column":2}},"locations":[{"start":{"line":10,"column":22},"end":{"line":31,"column":2}}]}},"b":{"0":[92]},"fnMap":{"0":{"name":"Button","decl":{"start":{"line":10,"column":22},"end":{"line":31,"column":2}},"loc":{"start":{"line":10,"column":22},"end":{"line":31,"column":2}},"line":10}},"f":{"0":92}}
,"/Users/lizhao/Desktop/playground/game2048/src/components/Game.tsx": {"path":"/Users/lizhao/Desktop/playground/game2048/src/components/Game.tsx","all":false,"statementMap":{"0":{"start":{"line":1,"column":0},"end":{"line":1,"column":44}},"15":{"start":{"line":16,"column":0},"end":{"line":16,"column":27}},"16":{"start":{"line":17,"column":0},"end":{"line":17,"column":67}},"17":{"start":{"line":18,"column":0},"end":{"line":18,"column":78}},"18":{"start":{"line":19,"column":0},"end":{"line":19,"column":4}},"19":{"start":{"line":20,"column":0},"end":{"line":20,"column":44}},"21":{"start":{"line":22,"column":0},"end":{"line":22,"column":116}},"22":{"start":{"line":23,"column":0},"end":{"line":23,"column":32}},"23":{"start":{"line":24,"column":0},"end":{"line":24,"column":41}},"24":{"start":{"line":25,"column":0},"end":{"line":25,"column":5}},"26":{"start":{"line":27,"column":0},"end":{"line":27,"column":20}},"28":{"start":{"line":29,"column":0},"end":{"line":29,"column":61}},"29":{"start":{"line":30,"column":0},"end":{"line":30,"column":30}},"30":{"start":{"line":31,"column":0},"end":{"line":31,"column":66}},"31":{"start":{"line":32,"column":0},"end":{"line":32,"column":4}},"34":{"start":{"line":35,"column":0},"end":{"line":35,"column":19}},"35":{"start":{"line":36,"column":0},"end":{"line":36,"column":14}},"36":{"start":{"line":37,"column":0},"end":{"line":37,"column":29}},"38":{"start":{"line":39,"column":0},"end":{"line":39,"column":10}},"39":{"start":{"line":40,"column":0},"end":{"line":40,"column":123}},"40":{"start":{"line":41,"column":0},"end":{"line":41,"column":45}},"41":{"start":{"line":42,"column":0},"end":{"line":42,"column":97}},"42":{"start":{"line":43,"column":0},"end":{"line":43,"column":12}},"44":{"start":{"line":45,"column":0},"end":{"line":45,"column":46}},"45":{"start":{"line":46,"column":0},"end":{"line":46,"column":23}},"46":{"start":{"line":47,"column":0},"end":{"line":47,"column":12}},"48":{"start":{"line":49,"column":0},"end":{"line":49,"column":92}},"50":{"start":{"line":51,"column":0},"end":{"line":51,"column":52}},"51":{"start":{"line":52,"column":0},"end":{"line":52,"column":58}},"52":{"start":{"line":53,"column":0},"end":{"line":53,"column":51}},"53":{"start":{"line":54,"column":0},"end":{"line":54,"column":12}},"55":{"start":{"line":56,"column":0},"end":{"line":56,"column":51}},"57":{"start":{"line":58,"column":0},"end":{"line":58,"column":37}},"58":{"start":{"line":59,"column":0},"end":{"line":59,"column":111}},"59":{"start":{"line":60,"column":0},"end":{"line":60,"column":80}},"60":{"start":{"line":61,"column":0},"end":{"line":61,"column":158}},"62":{"start":{"line":63,"column":0},"end":{"line":63,"column":19}},"63":{"start":{"line":64,"column":0},"end":{"line":64,"column":14}},"66":{"start":{"line":67,"column":0},"end":{"line":67,"column":38}},"67":{"start":{"line":68,"column":0},"end":{"line":68,"column":93}},"69":{"start":{"line":70,"column":0},"end":{"line":70,"column":14}},"72":{"start":{"line":73,"column":0},"end":{"line":73,"column":44}},"74":{"start":{"line":75,"column":0},"end":{"line":75,"column":69}},"76":{"start":{"line":77,"column":0},"end":{"line":77,"column":12}},"77":{"start":{"line":78,"column":0},"end":{"line":78,"column":10}},"79":{"start":{"line":80,"column":0},"end":{"line":80,"column":2}}},"s":{"0":1,"15":1,"16":20,"17":19,"18":20,"19":20,"21":20,"22":20,"23":20,"24":20,"26":20,"28":20,"29":1,"30":1,"31":1,"34":20,"35":20,"36":20,"38":20,"39":20,"40":20,"41":20,"42":20,"44":20,"45":20,"46":20,"48":20,"50":20,"51":20,"52":20,"53":20,"55":20,"57":20,"58":4,"59":4,"60":4,"62":4,"63":4,"66":20,"67":1,"69":1,"72":20,"74":20,"76":20,"77":20,"79":20},"branchMap":{"0":{"type":"branch","line":16,"loc":{"start":{"line":16,"column":20},"end":{"line":80,"column":2}},"locations":[{"start":{"line":16,"column":20},"end":{"line":80,"column":2}}]},"1":{"type":"branch","line":58,"loc":{"start":{"line":58,"column":29},"end":{"line":64,"column":14}},"locations":[{"start":{"line":58,"column":29},"end":{"line":64,"column":14}}]},"2":{"type":"branch","line":67,"loc":{"start":{"line":67,"column":29},"end":{"line":70,"column":14}},"locations":[{"start":{"line":67,"column":29},"end":{"line":70,"column":14}}]},"3":{"type":"branch","line":17,"loc":{"start":{"line":17,"column":62},"end":{"line":18,"column":78}},"locations":[{"start":{"line":17,"column":62},"end":{"line":18,"column":78}}]},"4":{"type":"branch","line":18,"loc":{"start":{"line":18,"column":57},"end":{"line":18,"column":78}},"locations":[{"start":{"line":18,"column":57},"end":{"line":18,"column":78}}]},"5":{"type":"branch","line":18,"loc":{"start":{"line":18,"column":23},"end":{"line":18,"column":57}},"locations":[{"start":{"line":18,"column":23},"end":{"line":18,"column":57}}]},"6":{"type":"branch","line":29,"loc":{"start":{"line":29,"column":32},"end":{"line":32,"column":4}},"locations":[{"start":{"line":29,"column":32},"end":{"line":32,"column":4}}]},"7":{"type":"branch","line":31,"loc":{"start":{"line":31,"column":15},"end":{"line":31,"column":31}},"locations":[{"start":{"line":31,"column":15},"end":{"line":31,"column":31}}]},"8":{"type":"branch","line":35,"loc":{"start":{"line":35,"column":12},"end":{"line":37,"column":5}},"locations":[{"start":{"line":35,"column":12},"end":{"line":37,"column":5}}]}},"b":{"0":[20],"1":[4],"2":[1],"3":[19],"4":[0],"5":[19],"6":[1],"7":[1],"8":[20]},"fnMap":{"0":{"name":"Game","decl":{"start":{"line":16,"column":20},"end":{"line":80,"column":2}},"loc":{"start":{"line":16,"column":20},"end":{"line":80,"column":2}},"line":16},"1":{"name":"handleBoardSizeChange","decl":{"start":{"line":29,"column":32},"end":{"line":32,"column":4}},"loc":{"start":{"line":29,"column":32},"end":{"line":32,"column":4}},"line":29}},"f":{"0":20,"1":1}}
,"/Users/lizhao/Desktop/playground/game2048/src/components/ScoreBoard.tsx": {"path":"/Users/lizhao/Desktop/playground/game2048/src/components/ScoreBoard.tsx","all":false,"statementMap":{"0":{"start":{"line":1,"column":0},"end":{"line":1,"column":27}},"8":{"start":{"line":9,"column":0},"end":{"line":9,"column":70}},"9":{"start":{"line":10,"column":0},"end":{"line":10,"column":10}},"10":{"start":{"line":11,"column":0},"end":{"line":11,"column":32}},"11":{"start":{"line":12,"column":0},"end":{"line":12,"column":79}},"12":{"start":{"line":13,"column":0},"end":{"line":13,"column":82}},"13":{"start":{"line":14,"column":0},"end":{"line":14,"column":57}},"14":{"start":{"line":15,"column":0},"end":{"line":15,"column":12}},"15":{"start":{"line":16,"column":0},"end":{"line":16,"column":79}},"16":{"start":{"line":17,"column":0},"end":{"line":17,"column":81}},"17":{"start":{"line":18,"column":0},"end":{"line":18,"column":61}},"18":{"start":{"line":19,"column":0},"end":{"line":19,"column":12}},"19":{"start":{"line":20,"column":0},"end":{"line":20,"column":10}},"21":{"start":{"line":22,"column":0},"end":{"line":22,"column":2}}},"s":{"0":1,"8":1,"9":31,"10":31,"11":31,"12":31,"13":31,"14":31,"15":31,"16":31,"17":31,"18":31,"19":31,"21":31},"branchMap":{"0":{"type":"branch","line":9,"loc":{"start":{"line":9,"column":26},"end":{"line":22,"column":2}},"locations":[{"start":{"line":9,"column":26},"end":{"line":22,"column":2}}]}},"b":{"0":[31]},"fnMap":{"0":{"name":"ScoreBoard","decl":{"start":{"line":9,"column":26},"end":{"line":22,"column":2}},"loc":{"start":{"line":9,"column":26},"end":{"line":22,"column":2}},"line":9}},"f":{"0":31}}
,"/Users/lizhao/Desktop/playground/game2048/src/components/Tile.tsx": {"path":"/Users/lizhao/Desktop/playground/game2048/src/components/Tile.tsx","all":false,"statementMap":{"0":{"start":{"line":1,"column":0},"end":{"line":1,"column":31}},"10":{"start":{"line":11,"column":0},"end":{"line":11,"column":52}},"11":{"start":{"line":12,"column":0},"end":{"line":12,"column":52}},"13":{"start":{"line":14,"column":0},"end":{"line":14,"column":44}},"14":{"start":{"line":15,"column":0},"end":{"line":15,"column":67}},"15":{"start":{"line":16,"column":0},"end":{"line":16,"column":67}},"16":{"start":{"line":17,"column":0},"end":{"line":17,"column":30}},"17":{"start":{"line":18,"column":0},"end":{"line":18,"column":32}},"18":{"start":{"line":19,"column":0},"end":{"line":19,"column":32}},"19":{"start":{"line":20,"column":0},"end":{"line":20,"column":32}},"20":{"start":{"line":21,"column":0},"end":{"line":21,"column":34}},"21":{"start":{"line":22,"column":0},"end":{"line":22,"column":34}},"22":{"start":{"line":23,"column":0},"end":{"line":23,"column":34}},"23":{"start":{"line":24,"column":0},"end":{"line":24,"column":36}},"24":{"start":{"line":25,"column":0},"end":{"line":25,"column":36}},"25":{"start":{"line":26,"column":0},"end":{"line":26,"column":37}},"26":{"start":{"line":27,"column":0},"end":{"line":27,"column":37}},"27":{"start":{"line":28,"column":0},"end":{"line":28,"column":4}},"29":{"start":{"line":30,"column":0},"end":{"line":30,"column":70}},"30":{"start":{"line":31,"column":0},"end":{"line":31,"column":2}},"35":{"start":{"line":36,"column":0},"end":{"line":36,"column":62}},"36":{"start":{"line":37,"column":0},"end":{"line":37,"column":32}},"38":{"start":{"line":39,"column":0},"end":{"line":39,"column":41}},"39":{"start":{"line":40,"column":0},"end":{"line":40,"column":18}},"41":{"start":{"line":42,"column":0},"end":{"line":42,"column":46}},"42":{"start":{"line":43,"column":0},"end":{"line":43,"column":25}},"44":{"start":{"line":45,"column":0},"end":{"line":45,"column":47}},"45":{"start":{"line":46,"column":0},"end":{"line":46,"column":10}},"47":{"start":{"line":48,"column":0},"end":{"line":48,"column":47}},"48":{"start":{"line":49,"column":0},"end":{"line":49,"column":3}},"49":{"start":{"line":50,"column":0},"end":{"line":50,"column":2}},"54":{"start":{"line":55,"column":0},"end":{"line":55,"column":53}},"55":{"start":{"line":56,"column":0},"end":{"line":56,"column":46}},"56":{"start":{"line":57,"column":0},"end":{"line":57,"column":49}},"58":{"start":{"line":59,"column":0},"end":{"line":59,"column":10}},"59":{"start":{"line":60,"column":0},"end":{"line":60,"column":8}},"60":{"start":{"line":61,"column":0},"end":{"line":61,"column":151}},"62":{"start":{"line":63,"column":0},"end":{"line":63,"column":19}},"63":{"start":{"line":64,"column":0},"end":{"line":64,"column":10}},"65":{"start":{"line":66,"column":0},"end":{"line":66,"column":2}}},"s":{"0":1,"10":1,"11":598,"13":210,"14":210,"15":210,"16":210,"17":210,"18":210,"19":210,"20":210,"21":210,"22":210,"23":210,"24":210,"25":210,"26":210,"27":210,"29":598,"30":598,"35":1,"36":598,"38":210,"39":598,"41":2,"42":598,"44":11,"45":208,"47":197,"48":197,"49":598,"54":1,"55":598,"56":598,"58":598,"59":598,"60":598,"62":598,"63":598,"65":598},"branchMap":{"0":{"type":"branch","line":11,"loc":{"start":{"line":11,"column":26},"end":{"line":31,"column":2}},"locations":[{"start":{"line":11,"column":26},"end":{"line":31,"column":2}}]},"1":{"type":"branch","line":12,"loc":{"start":{"line":12,"column":14},"end":{"line":30,"column":28}},"locations":[{"start":{"line":12,"column":14},"end":{"line":30,"column":28}}]},"2":{"type":"branch","line":12,"loc":{"start":{"line":12,"column":14},"end":{"line":12,"column":52}},"locations":[{"start":{"line":12,"column":14},"end":{"line":12,"column":52}}]},"3":{"type":"branch","line":12,"loc":{"start":{"line":12,"column":21},"end":{"line":30,"column":28}},"locations":[{"start":{"line":12,"column":21},"end":{"line":30,"column":28}}]},"4":{"type":"branch","line":30,"loc":{"start":{"line":30,"column":23},"end":{"line":30,"column":70}},"locations":[{"start":{"line":30,"column":23},"end":{"line":30,"column":70}}]},"5":{"type":"branch","line":36,"loc":{"start":{"line":36,"column":20},"end":{"line":50,"column":2}},"locations":[{"start":{"line":36,"column":20},"end":{"line":50,"column":2}}]},"6":{"type":"branch","line":37,"loc":{"start":{"line":37,"column":14},"end":{"line":40,"column":17}},"locations":[{"start":{"line":37,"column":14},"end":{"line":40,"column":17}}]},"7":{"type":"branch","line":37,"loc":{"start":{"line":37,"column":14},"end":{"line":37,"column":32}},"locations":[{"start":{"line":37,"column":14},"end":{"line":37,"column":32}}]},"8":{"type":"branch","line":37,"loc":{"start":{"line":37,"column":21},"end":{"line":40,"column":17}},"locations":[{"start":{"line":37,"column":21},"end":{"line":40,"column":17}}]},"9":{"type":"branch","line":40,"loc":{"start":{"line":40,"column":17},"end":{"line":43,"column":13}},"locations":[{"start":{"line":40,"column":17},"end":{"line":43,"column":13}}]},"10":{"type":"branch","line":42,"loc":{"start":{"line":42,"column":20},"end":{"line":42,"column":36}},"locations":[{"start":{"line":42,"column":20},"end":{"line":42,"column":36}}]},"11":{"type":"branch","line":42,"loc":{"start":{"line":42,"column":24},"end":{"line":42,"column":46}},"locations":[{"start":{"line":42,"column":24},"end":{"line":42,"column":46}}]},"12":{"type":"branch","line":43,"loc":{"start":{"line":43,"column":2},"end":{"line":49,"column":3}},"locations":[{"start":{"line":43,"column":2},"end":{"line":49,"column":3}}]},"13":{"type":"branch","line":43,"loc":{"start":{"line":43,"column":24},"end":{"line":46,"column":9}},"locations":[{"start":{"line":43,"column":24},"end":{"line":46,"column":9}}]},"14":{"type":"branch","line":45,"loc":{"start":{"line":45,"column":20},"end":{"line":45,"column":36}},"locations":[{"start":{"line":45,"column":20},"end":{"line":45,"column":36}}]},"15":{"type":"branch","line":45,"loc":{"start":{"line":45,"column":24},"end":{"line":45,"column":47}},"locations":[{"start":{"line":45,"column":24},"end":{"line":45,"column":47}}]},"16":{"type":"branch","line":46,"loc":{"start":{"line":46,"column":2},"end":{"line":49,"column":3}},"locations":[{"start":{"line":46,"column":2},"end":{"line":49,"column":3}}]},"17":{"type":"branch","line":48,"loc":{"start":{"line":48,"column":20},"end":{"line":48,"column":36}},"locations":[{"start":{"line":48,"column":20},"end":{"line":48,"column":36}}]},"18":{"type":"branch","line":48,"loc":{"start":{"line":48,"column":24},"end":{"line":48,"column":47}},"locations":[{"start":{"line":48,"column":24},"end":{"line":48,"column":47}}]},"19":{"type":"branch","line":55,"loc":{"start":{"line":55,"column":20},"end":{"line":66,"column":2}},"locations":[{"start":{"line":55,"column":20},"end":{"line":66,"column":2}}]},"20":{"type":"branch","line":57,"loc":{"start":{"line":57,"column":37},"end":{"line":57,"column":47}},"locations":[{"start":{"line":57,"column":37},"end":{"line":57,"column":47}}]},"21":{"type":"branch","line":63,"loc":{"start":{"line":63,"column":7},"end":{"line":63,"column":19}},"locations":[{"start":{"line":63,"column":7},"end":{"line":63,"column":19}}]}},"b":{"0":[598],"1":[438],"2":[388],"3":[210],"4":[0],"5":[598],"6":[438],"7":[388],"8":[210],"9":[2],"10":[1],"11":[1],"12":[208],"13":[11],"14":[1],"15":[10],"16":[197],"17":[8],"18":[189],"19":[598],"20":[388],"21":[388]},"fnMap":{"0":{"name":"getTileColorClass","decl":{"start":{"line":11,"column":26},"end":{"line":31,"column":2}},"loc":{"start":{"line":11,"column":26},"end":{"line":31,"column":2}},"line":11},"1":{"name":"getFontSize","decl":{"start":{"line":36,"column":20},"end":{"line":50,"column":2}},"loc":{"start":{"line":36,"column":20},"end":{"line":50,"column":2}},"line":36},"2":{"name":"Tile","decl":{"start":{"line":55,"column":20},"end":{"line":66,"column":2}},"loc":{"start":{"line":55,"column":20},"end":{"line":66,"column":2}},"line":55}},"f":{"0":598,"1":598,"2":598}}
,"/Users/lizhao/Desktop/playground/game2048/src/components/icons.ts": {"path":"/Users/lizhao/Desktop/playground/game2048/src/components/icons.ts","all":false,"statementMap":{"0":{"start":{"line":1,"column":0},"end":{"line":1,"column":3}}},"s":{"0":1},"branchMap":{},"b":{},"fnMap":{},"f":{}}
,"/Users/lizhao/Desktop/playground/game2048/src/config/boardConfig.ts": {"path":"/Users/lizhao/Desktop/playground/game2048/src/config/boardConfig.ts","all":false,"statementMap":{"10":{"start":{"line":11,"column":0},"end":{"line":11,"column":45}},"11":{"start":{"line":12,"column":0},"end":{"line":12,"column":46}},"12":{"start":{"line":13,"column":0},"end":{"line":13,"column":46}},"13":{"start":{"line":14,"column":0},"end":{"line":14,"column":46}},"14":{"start":{"line":15,"column":0},"end":{"line":15,"column":2}},"16":{"start":{"line":17,"column":0},"end":{"line":17,"column":36}}},"s":{"10":1,"11":1,"12":1,"13":1,"14":1,"16":1},"branchMap":{},"b":{},"fnMap":{},"f":{}}
,"/Users/lizhao/Desktop/playground/game2048/src/core/constants.ts": {"path":"/Users/lizhao/Desktop/playground/game2048/src/core/constants.ts","all":false,"statementMap":{"4":{"start":{"line":5,"column":0},"end":{"line":5,"column":40}},"5":{"start":{"line":6,"column":0},"end":{"line":6,"column":40}},"6":{"start":{"line":7,"column":0},"end":{"line":7,"column":34}},"7":{"start":{"line":8,"column":0},"end":{"line":8,"column":34}},"8":{"start":{"line":9,"column":0},"end":{"line":9,"column":73}}},"s":{"4":1,"5":1,"6":1,"7":1,"8":1},"branchMap":{},"b":{},"fnMap":{},"f":{}}
,"/Users/lizhao/Desktop/playground/game2048/src/core/types.ts": {"path":"/Users/lizhao/Desktop/playground/game2048/src/core/types.ts","all":false,"statementMap":{"3":{"start":{"line":4,"column":0},"end":{"line":4,"column":23}},"4":{"start":{"line":5,"column":0},"end":{"line":5,"column":16}},"5":{"start":{"line":6,"column":0},"end":{"line":6,"column":18}},"6":{"start":{"line":7,"column":0},"end":{"line":7,"column":12}},"7":{"start":{"line":8,"column":0},"end":{"line":8,"column":16}},"10":{"start":{"line":11,"column":0},"end":{"line":11,"column":24}},"11":{"start":{"line":12,"column":0},"end":{"line":12,"column":22}},"12":{"start":{"line":13,"column":0},"end":{"line":13,"column":14}},"13":{"start":{"line":14,"column":0},"end":{"line":14,"column":16}}},"s":{"3":1,"4":1,"5":1,"6":1,"7":1,"10":1,"11":1,"12":1,"13":1},"branchMap":{"0":{"type":"branch","line":4,"loc":{"start":{"line":4,"column":7},"end":{"line":4,"column":23}},"locations":[{"start":{"line":4,"column":7},"end":{"line":4,"column":23}}]},"1":{"type":"branch","line":11,"loc":{"start":{"line":11,"column":7},"end":{"line":11,"column":24}},"locations":[{"start":{"line":11,"column":7},"end":{"line":11,"column":24}}]}},"b":{"0":[6],"1":[6]},"fnMap":{},"f":{}}
,"/Users/lizhao/Desktop/playground/game2048/src/core/board/boardFactory.ts": {"path":"/Users/lizhao/Desktop/playground/game2048/src/core/board/boardFactory.ts","all":false,"statementMap":{"0":{"start":{"line":1,"column":0},"end":{"line":1,"column":33}},"7":{"start":{"line":8,"column":0},"end":{"line":8,"column":48}},"8":{"start":{"line":9,"column":0},"end":{"line":9,"column":20}},"9":{"start":{"line":10,"column":0},"end":{"line":10,"column":15}},"10":{"start":{"line":11,"column":0},"end":{"line":11,"column":39}},"11":{"start":{"line":12,"column":0},"end":{"line":12,"column":1}},"18":{"start":{"line":19,"column":0},"end":{"line":19,"column":53}},"19":{"start":{"line":20,"column":0},"end":{"line":20,"column":44}},"20":{"start":{"line":21,"column":0},"end":{"line":21,"column":19}},"21":{"start":{"line":22,"column":0},"end":{"line":22,"column":87}},"22":{"start":{"line":23,"column":0},"end":{"line":23,"column":27}},"24":{"start":{"line":25,"column":0},"end":{"line":25,"column":39}},"25":{"start":{"line":26,"column":0},"end":{"line":26,"column":36}},"26":{"start":{"line":27,"column":0},"end":{"line":27,"column":3}},"28":{"start":{"line":29,"column":0},"end":{"line":29,"column":15}},"29":{"start":{"line":30,"column":0},"end":{"line":30,"column":1}}},"s":{"0":1,"7":34,"8":34,"9":34,"10":34,"11":34,"18":1,"19":34,"20":34,"21":34,"22":34,"24":34,"25":107,"26":107,"28":34,"29":34},"branchMap":{"0":{"type":"branch","line":8,"loc":{"start":{"line":8,"column":0},"end":{"line":12,"column":1}},"locations":[{"start":{"line":8,"column":0},"end":{"line":12,"column":1}}]},"1":{"type":"branch","line":11,"loc":{"start":{"line":11,"column":9},"end":{"line":11,"column":37}},"locations":[{"start":{"line":11,"column":9},"end":{"line":11,"column":37}}]},"2":{"type":"branch","line":19,"loc":{"start":{"line":19,"column":7},"end":{"line":30,"column":1}},"locations":[{"start":{"line":19,"column":7},"end":{"line":30,"column":1}}]},"3":{"type":"branch","line":25,"loc":{"start":{"line":25,"column":38},"end":{"line":27,"column":3}},"locations":[{"start":{"line":25,"column":38},"end":{"line":27,"column":3}}]}},"b":{"0":[34],"1":[138],"2":[34],"3":[107]},"fnMap":{"0":{"name":"createEmptyBoard","decl":{"start":{"line":8,"column":0},"end":{"line":12,"column":1}},"loc":{"start":{"line":8,"column":0},"end":{"line":12,"column":1}},"line":8},"1":{"name":"initBoard","decl":{"start":{"line":19,"column":7},"end":{"line":30,"column":1}},"loc":{"start":{"line":19,"column":7},"end":{"line":30,"column":1}},"line":19}},"f":{"0":34,"1":34}}
,"/Users/lizhao/Desktop/playground/game2048/src/core/board/boardQuery.ts": {"path":"/Users/lizhao/Desktop/playground/game2048/src/core/board/boardQuery.ts","all":false,"statementMap":{"5":{"start":{"line":6,"column":0},"end":{"line":6,"column":84}},"6":{"start":{"line":7,"column":0},"end":{"line":7,"column":44}},"8":{"start":{"line":9,"column":0},"end":{"line":9,"column":45}},"9":{"start":{"line":10,"column":0},"end":{"line":10,"column":47}},"10":{"start":{"line":11,"column":0},"end":{"line":11,"column":37}},"11":{"start":{"line":12,"column":0},"end":{"line":12,"column":36}},"12":{"start":{"line":13,"column":0},"end":{"line":13,"column":7}},"13":{"start":{"line":14,"column":0},"end":{"line":14,"column":5}},"14":{"start":{"line":15,"column":0},"end":{"line":15,"column":3}},"16":{"start":{"line":17,"column":0},"end":{"line":17,"column":20}},"17":{"start":{"line":18,"column":0},"end":{"line":18,"column":1}},"22":{"start":{"line":23,"column":0},"end":{"line":23,"column":73}},"23":{"start":{"line":24,"column":0},"end":{"line":24,"column":52}},"24":{"start":{"line":25,"column":0},"end":{"line":25,"column":1}},"29":{"start":{"line":30,"column":0},"end":{"line":30,"column":77}},"30":{"start":{"line":31,"column":0},"end":{"line":31,"column":45}},"31":{"start":{"line":32,"column":0},"end":{"line":32,"column":47}},"32":{"start":{"line":33,"column":0},"end":{"line":33,"column":43}},"33":{"start":{"line":34,"column":0},"end":{"line":34,"column":42}},"36":{"start":{"line":37,"column":0},"end":{"line":37,"column":72}},"37":{"start":{"line":38,"column":0},"end":{"line":38,"column":20}},"38":{"start":{"line":39,"column":0},"end":{"line":39,"column":7}},"41":{"start":{"line":42,"column":0},"end":{"line":42,"column":72}},"42":{"start":{"line":43,"column":0},"end":{"line":43,"column":20}},"43":{"start":{"line":44,"column":0},"end":{"line":44,"column":7}},"44":{"start":{"line":45,"column":0},"end":{"line":45,"column":5}},"45":{"start":{"line":46,"column":0},"end":{"line":46,"column":3}},"47":{"start":{"line":48,"column":0},"end":{"line":48,"column":15}},"48":{"start":{"line":49,"column":0},"end":{"line":49,"column":1}},"53":{"start":{"line":54,"column":0},"end":{"line":54,"column":70}},"54":{"start":{"line":55,"column":0},"end":{"line":55,"column":89}},"55":{"start":{"line":56,"column":0},"end":{"line":56,"column":1}},"60":{"start":{"line":61,"column":0},"end":{"line":61,"column":95}},"61":{"start":{"line":62,"column":0},"end":{"line":62,"column":45}},"62":{"start":{"line":63,"column":0},"end":{"line":63,"column":47}},"63":{"start":{"line":64,"column":0},"end":{"line":64,"column":44}},"64":{"start":{"line":65,"column":0},"end":{"line":65,"column":20}},"65":{"start":{"line":66,"column":0},"end":{"line":66,"column":7}},"66":{"start":{"line":67,"column":0},"end":{"line":67,"column":5}},"67":{"start":{"line":68,"column":0},"end":{"line":68,"column":3}},"68":{"start":{"line":69,"column":0},"end":{"line":69,"column":15}},"69":{"start":{"line":70,"column":0},"end":{"line":70,"column":1}},"74":{"start":{"line":75,"column":0},"end":{"line":75,"column":90}},"75":{"start":{"line":76,"column":0},"end":{"line":76,"column":45}},"76":{"start":{"line":77,"column":0},"end":{"line":77,"column":47}},"77":{"start":{"line":78,"column":0},"end":{"line":78,"column":50}},"78":{"start":{"line":79,"column":0},"end":{"line":79,"column":21}},"79":{"start":{"line":80,"column":0},"end":{"line":80,"column":7}},"80":{"start":{"line":81,"column":0},"end":{"line":81,"column":5}},"81":{"start":{"line":82,"column":0},"end":{"line":82,"column":3}},"82":{"start":{"line":83,"column":0},"end":{"line":83,"column":14}},"83":{"start":{"line":84,"column":0},"end":{"line":84,"column":1}}},"s":{"5":1,"6":3433,"8":3433,"9":7512,"10":23644,"11":11145,"12":11145,"13":23644,"14":7512,"16":3433,"17":3433,"22":1,"23":611,"24":611,"29":11,"30":11,"31":21,"32":57,"33":57,"36":57,"37":5,"38":5,"41":57,"42":3,"43":3,"44":57,"45":13,"47":3,"48":3,"53":1,"54":609,"55":609,"60":1,"61":610,"62":2433,"63":9715,"64":4,"65":4,"66":9715,"67":2429,"68":606,"69":606,"74":1,"75":663,"76":1070,"77":2692,"78":607,"79":607,"80":2692,"81":463,"82":56,"83":56},"branchMap":{"0":{"type":"branch","line":6,"loc":{"start":{"line":6,"column":7},"end":{"line":18,"column":1}},"locations":[{"start":{"line":6,"column":7},"end":{"line":18,"column":1}}]},"1":{"type":"branch","line":9,"loc":{"start":{"line":9,"column":44},"end":{"line":15,"column":3}},"locations":[{"start":{"line":9,"column":44},"end":{"line":15,"column":3}}]},"2":{"type":"branch","line":10,"loc":{"start":{"line":10,"column":46},"end":{"line":14,"column":5}},"locations":[{"start":{"line":10,"column":46},"end":{"line":14,"column":5}}]},"3":{"type":"branch","line":11,"loc":{"start":{"line":11,"column":36},"end":{"line":13,"column":7}},"locations":[{"start":{"line":11,"column":36},"end":{"line":13,"column":7}}]},"4":{"type":"branch","line":23,"loc":{"start":{"line":23,"column":7},"end":{"line":25,"column":1}},"locations":[{"start":{"line":23,"column":7},"end":{"line":25,"column":1}}]},"5":{"type":"branch","line":30,"loc":{"start":{"line":30,"column":0},"end":{"line":49,"column":1}},"locations":[{"start":{"line":30,"column":0},"end":{"line":49,"column":1}}]},"6":{"type":"branch","line":31,"loc":{"start":{"line":31,"column":44},"end":{"line":46,"column":3}},"locations":[{"start":{"line":31,"column":44},"end":{"line":46,"column":3}}]},"7":{"type":"branch","line":32,"loc":{"start":{"line":32,"column":46},"end":{"line":45,"column":5}},"locations":[{"start":{"line":32,"column":46},"end":{"line":45,"column":5}}]},"8":{"type":"branch","line":34,"loc":{"start":{"line":34,"column":33},"end":{"line":34,"column":42}},"locations":[{"start":{"line":34,"column":33},"end":{"line":34,"column":42}}]},"9":{"type":"branch","line":37,"loc":{"start":{"line":37,"column":28},"end":{"line":37,"column":71}},"locations":[{"start":{"line":37,"column":28},"end":{"line":37,"column":71}}]},"10":{"type":"branch","line":37,"loc":{"start":{"line":37,"column":71},"end":{"line":39,"column":7}},"locations":[{"start":{"line":37,"column":71},"end":{"line":39,"column":7}}]},"11":{"type":"branch","line":39,"loc":{"start":{"line":39,"column":6},"end":{"line":42,"column":33}},"locations":[{"start":{"line":39,"column":6},"end":{"line":42,"column":33}}]},"12":{"type":"branch","line":42,"loc":{"start":{"line":42,"column":28},"end":{"line":42,"column":71}},"locations":[{"start":{"line":42,"column":28},"end":{"line":42,"column":71}}]},"13":{"type":"branch","line":42,"loc":{"start":{"line":42,"column":71},"end":{"line":44,"column":7}},"locations":[{"start":{"line":42,"column":71},"end":{"line":44,"column":7}}]},"14":{"type":"branch","line":45,"loc":{"start":{"line":45,"column":4},"end":{"line":46,"column":3}},"locations":[{"start":{"line":45,"column":4},"end":{"line":46,"column":3}}]},"15":{"type":"branch","line":46,"loc":{"start":{"line":46,"column":2},"end":{"line":49,"column":1}},"locations":[{"start":{"line":46,"column":2},"end":{"line":49,"column":1}}]},"16":{"type":"branch","line":54,"loc":{"start":{"line":54,"column":7},"end":{"line":56,"column":1}},"locations":[{"start":{"line":54,"column":7},"end":{"line":56,"column":1}}]},"17":{"type":"branch","line":55,"loc":{"start":{"line":55,"column":40},"end":{"line":55,"column":89}},"locations":[{"start":{"line":55,"column":40},"end":{"line":55,"column":89}}]},"18":{"type":"branch","line":61,"loc":{"start":{"line":61,"column":7},"end":{"line":70,"column":1}},"locations":[{"start":{"line":61,"column":7},"end":{"line":70,"column":1}}]},"19":{"type":"branch","line":62,"loc":{"start":{"line":62,"column":44},"end":{"line":68,"column":3}},"locations":[{"start":{"line":62,"column":44},"end":{"line":68,"column":3}}]},"20":{"type":"branch","line":63,"loc":{"start":{"line":63,"column":46},"end":{"line":67,"column":5}},"locations":[{"start":{"line":63,"column":46},"end":{"line":67,"column":5}}]},"21":{"type":"branch","line":64,"loc":{"start":{"line":64,"column":43},"end":{"line":66,"column":7}},"locations":[{"start":{"line":64,"column":43},"end":{"line":66,"column":7}}]},"22":{"type":"branch","line":67,"loc":{"start":{"line":67,"column":4},"end":{"line":68,"column":3}},"locations":[{"start":{"line":67,"column":4},"end":{"line":68,"column":3}}]},"23":{"type":"branch","line":68,"loc":{"start":{"line":68,"column":2},"end":{"line":70,"column":1}},"locations":[{"start":{"line":68,"column":2},"end":{"line":70,"column":1}}]},"24":{"type":"branch","line":75,"loc":{"start":{"line":75,"column":7},"end":{"line":84,"column":1}},"locations":[{"start":{"line":75,"column":7},"end":{"line":84,"column":1}}]},"25":{"type":"branch","line":76,"loc":{"start":{"line":76,"column":44},"end":{"line":82,"column":3}},"locations":[{"start":{"line":76,"column":44},"end":{"line":82,"column":3}}]},"26":{"type":"branch","line":77,"loc":{"start":{"line":77,"column":46},"end":{"line":81,"column":5}},"locations":[{"start":{"line":77,"column":46},"end":{"line":81,"column":5}}]},"27":{"type":"branch","line":78,"loc":{"start":{"line":78,"column":49},"end":{"line":80,"column":7}},"locations":[{"start":{"line":78,"column":49},"end":{"line":80,"column":7}}]},"28":{"type":"branch","line":81,"loc":{"start":{"line":81,"column":4},"end":{"line":82,"column":3}},"locations":[{"start":{"line":81,"column":4},"end":{"line":82,"column":3}}]},"29":{"type":"branch","line":82,"loc":{"start":{"line":82,"column":2},"end":{"line":84,"column":1}},"locations":[{"start":{"line":82,"column":2},"end":{"line":84,"column":1}}]}},"b":{"0":[3433],"1":[7512],"2":[23644],"3":[11145],"4":[611],"5":[11],"6":[21],"7":[57],"8":[0],"9":[44],"10":[5],"11":[52],"12":[41],"13":[3],"14":[13],"15":[3],"16":[609],"17":[11],"18":[610],"19":[2433],"20":[9715],"21":[4],"22":[2429],"23":[606],"24":[663],"25":[1070],"26":[2692],"27":[607],"28":[463],"29":[56]},"fnMap":{"0":{"name":"getEmptyCells","decl":{"start":{"line":6,"column":7},"end":{"line":18,"column":1}},"loc":{"start":{"line":6,"column":7},"end":{"line":18,"column":1}},"line":6},"1":{"name":"hasEmptyCells","decl":{"start":{"line":23,"column":7},"end":{"line":25,"column":1}},"loc":{"start":{"line":23,"column":7},"end":{"line":25,"column":1}},"line":23},"2":{"name":"hasAdjacentMatchingTiles","decl":{"start":{"line":30,"column":0},"end":{"line":49,"column":1}},"loc":{"start":{"line":30,"column":0},"end":{"line":49,"column":1}},"line":30},"3":{"name":"isGameOver","decl":{"start":{"line":54,"column":7},"end":{"line":56,"column":1}},"loc":{"start":{"line":54,"column":7},"end":{"line":56,"column":1}},"line":54},"4":{"name":"hasWinningTile","decl":{"start":{"line":61,"column":7},"end":{"line":70,"column":1}},"loc":{"start":{"line":61,"column":7},"end":{"line":70,"column":1}},"line":61},"5":{"name":"areBoardsEqual","decl":{"start":{"line":75,"column":7},"end":{"line":84,"column":1}},"loc":{"start":{"line":75,"column":7},"end":{"line":84,"column":1}},"line":75}},"f":{"0":3433,"1":611,"2":11,"3":609,"4":610,"5":663}}
,"/Users/lizhao/Desktop/playground/game2048/src/core/board/boardTransform.ts": {"path":"/Users/lizhao/Desktop/playground/game2048/src/core/board/boardTransform.ts","all":false,"statementMap":{"6":{"start":{"line":7,"column":0},"end":{"line":7,"column":73}},"7":{"start":{"line":8,"column":0},"end":{"line":8,"column":41}},"8":{"start":{"line":9,"column":0},"end":{"line":9,"column":15}},"9":{"start":{"line":10,"column":0},"end":{"line":10,"column":44}},"11":{"start":{"line":12,"column":0},"end":{"line":12,"column":45}},"12":{"start":{"line":13,"column":0},"end":{"line":13,"column":47}},"13":{"start":{"line":14,"column":0},"end":{"line":14,"column":58}},"14":{"start":{"line":15,"column":0},"end":{"line":15,"column":5}},"15":{"start":{"line":16,"column":0},"end":{"line":16,"column":3}},"17":{"start":{"line":18,"column":0},"end":{"line":18,"column":17}},"18":{"start":{"line":19,"column":0},"end":{"line":19,"column":1}},"23":{"start":{"line":24,"column":0},"end":{"line":24,"column":79}},"24":{"start":{"line":25,"column":0},"end":{"line":25,"column":21}},"25":{"start":{"line":26,"column":0},"end":{"line":26,"column":35}},"26":{"start":{"line":27,"column":0},"end":{"line":27,"column":48}},"27":{"start":{"line":28,"column":0},"end":{"line":28,"column":3}},"28":{"start":{"line":29,"column":0},"end":{"line":29,"column":16}},"29":{"start":{"line":30,"column":0},"end":{"line":30,"column":1}}},"s":{"6":1,"7":2006,"8":2006,"9":2006,"11":2006,"12":7972,"13":31768,"14":31768,"15":7972,"17":2006,"18":2006,"23":1,"24":1349,"25":1349,"26":2001,"27":2001,"28":1349,"29":1349},"branchMap":{"0":{"type":"branch","line":7,"loc":{"start":{"line":7,"column":7},"end":{"line":19,"column":1}},"locations":[{"start":{"line":7,"column":7},"end":{"line":19,"column":1}}]},"1":{"type":"branch","line":12,"loc":{"start":{"line":12,"column":44},"end":{"line":16,"column":3}},"locations":[{"start":{"line":12,"column":44},"end":{"line":16,"column":3}}]},"2":{"type":"branch","line":13,"loc":{"start":{"line":13,"column":46},"end":{"line":15,"column":5}},"locations":[{"start":{"line":13,"column":46},"end":{"line":15,"column":5}}]},"3":{"type":"branch","line":10,"loc":{"start":{"line":10,"column":9},"end":{"line":10,"column":42}},"locations":[{"start":{"line":10,"column":9},"end":{"line":10,"column":42}}]},"4":{"type":"branch","line":24,"loc":{"start":{"line":24,"column":7},"end":{"line":30,"column":1}},"locations":[{"start":{"line":24,"column":7},"end":{"line":30,"column":1}}]},"5":{"type":"branch","line":26,"loc":{"start":{"line":26,"column":34},"end":{"line":28,"column":3}},"locations":[{"start":{"line":26,"column":34},"end":{"line":28,"column":3}}]}},"b":{"0":[2006],"1":[7972],"2":[31768],"3":[7972],"4":[1349],"5":[2001]},"fnMap":{"0":{"name":"rotateClockwise","decl":{"start":{"line":7,"column":7},"end":{"line":19,"column":1}},"loc":{"start":{"line":7,"column":7},"end":{"line":19,"column":1}},"line":7},"1":{"name":"rotate","decl":{"start":{"line":24,"column":7},"end":{"line":30,"column":1}},"loc":{"start":{"line":24,"column":7},"end":{"line":30,"column":1}},"line":24}},"f":{"0":2006,"1":1349}}
,"/Users/lizhao/Desktop/playground/game2048/src/core/merge/boardMerger.ts": {"path":"/Users/lizhao/Desktop/playground/game2048/src/core/merge/boardMerger.ts","all":false,"statementMap":{"0":{"start":{"line":1,"column":0},"end":{"line":1,"column":44}},"13":{"start":{"line":14,"column":0},"end":{"line":14,"column":57}},"14":{"start":{"line":15,"column":0},"end":{"line":15,"column":22}},"15":{"start":{"line":16,"column":0},"end":{"line":16,"column":24}},"16":{"start":{"line":17,"column":0},"end":{"line":17,"column":15}},"17":{"start":{"line":18,"column":0},"end":{"line":18,"column":24}},"18":{"start":{"line":19,"column":0},"end":{"line":19,"column":15}},"19":{"start":{"line":20,"column":0},"end":{"line":20,"column":25}},"20":{"start":{"line":21,"column":0},"end":{"line":21,"column":15}},"21":{"start":{"line":22,"column":0},"end":{"line":22,"column":22}},"22":{"start":{"line":23,"column":0},"end":{"line":23,"column":15}},"23":{"start":{"line":24,"column":0},"end":{"line":24,"column":12}},"24":{"start":{"line":25,"column":0},"end":{"line":25,"column":15}},"25":{"start":{"line":26,"column":0},"end":{"line":26,"column":3}},"26":{"start":{"line":27,"column":0},"end":{"line":27,"column":1}},"31":{"start":{"line":32,"column":0},"end":{"line":32,"column":71}},"32":{"start":{"line":33,"column":0},"end":{"line":33,"column":29}},"33":{"start":{"line":34,"column":0},"end":{"line":34,"column":21}},"35":{"start":{"line":36,"column":0},"end":{"line":36,"column":45}},"36":{"start":{"line":37,"column":0},"end":{"line":37,"column":50}},"37":{"start":{"line":38,"column":0},"end":{"line":38,"column":24}},"38":{"start":{"line":39,"column":0},"end":{"line":39,"column":24}},"39":{"start":{"line":40,"column":0},"end":{"line":40,"column":3}},"41":{"start":{"line":42,"column":0},"end":{"line":42,"column":48}},"42":{"start":{"line":43,"column":0},"end":{"line":43,"column":1}},"48":{"start":{"line":49,"column":0},"end":{"line":49,"column":101}},"49":{"start":{"line":50,"column":0},"end":{"line":50,"column":52}},"52":{"start":{"line":53,"column":0},"end":{"line":53,"column":63}},"55":{"start":{"line":56,"column":0},"end":{"line":56,"column":75}},"58":{"start":{"line":59,"column":0},"end":{"line":59,"column":50}},"59":{"start":{"line":60,"column":0},"end":{"line":60,"column":69}},"61":{"start":{"line":62,"column":0},"end":{"line":62,"column":38}},"62":{"start":{"line":63,"column":0},"end":{"line":63,"column":1}}},"s":{"0":1,"13":671,"14":671,"15":671,"16":174,"17":671,"18":165,"19":671,"20":166,"21":671,"22":166,"23":671,"24":0,"25":671,"26":671,"31":671,"32":671,"33":671,"35":671,"36":2671,"37":2671,"38":2671,"39":2671,"41":671,"42":671,"48":1,"49":671,"52":671,"55":671,"58":671,"59":671,"61":671,"62":671},"branchMap":{"0":{"type":"branch","line":14,"loc":{"start":{"line":14,"column":0},"end":{"line":27,"column":1}},"locations":[{"start":{"line":14,"column":0},"end":{"line":27,"column":1}}]},"1":{"type":"branch","line":16,"loc":{"start":{"line":16,"column":4},"end":{"line":17,"column":15}},"locations":[{"start":{"line":16,"column":4},"end":{"line":17,"column":15}}]},"2":{"type":"branch","line":18,"loc":{"start":{"line":18,"column":4},"end":{"line":19,"column":15}},"locations":[{"start":{"line":18,"column":4},"end":{"line":19,"column":15}}]},"3":{"type":"branch","line":20,"loc":{"start":{"line":20,"column":4},"end":{"line":21,"column":15}},"locations":[{"start":{"line":20,"column":4},"end":{"line":21,"column":15}}]},"4":{"type":"branch","line":22,"loc":{"start":{"line":22,"column":4},"end":{"line":23,"column":15}},"locations":[{"start":{"line":22,"column":4},"end":{"line":23,"column":15}}]},"5":{"type":"branch","line":24,"loc":{"start":{"line":24,"column":4},"end":{"line":25,"column":15}},"locations":[{"start":{"line":24,"column":4},"end":{"line":25,"column":15}}]},"6":{"type":"branch","line":32,"loc":{"start":{"line":32,"column":0},"end":{"line":43,"column":1}},"locations":[{"start":{"line":32,"column":0},"end":{"line":43,"column":1}}]},"7":{"type":"branch","line":36,"loc":{"start":{"line":36,"column":44},"end":{"line":40,"column":3}},"locations":[{"start":{"line":36,"column":44},"end":{"line":40,"column":3}}]},"8":{"type":"branch","line":49,"loc":{"start":{"line":49,"column":7},"end":{"line":63,"column":1}},"locations":[{"start":{"line":49,"column":7},"end":{"line":63,"column":1}}]}},"b":{"0":[671],"1":[174],"2":[165],"3":[166],"4":[166],"5":[0],"6":[671],"7":[2671],"8":[671]},"fnMap":{"0":{"name":"getRotationCount","decl":{"start":{"line":14,"column":0},"end":{"line":27,"column":1}},"loc":{"start":{"line":14,"column":0},"end":{"line":27,"column":1}},"line":14},"1":{"name":"mergeLeft","decl":{"start":{"line":32,"column":0},"end":{"line":43,"column":1}},"loc":{"start":{"line":32,"column":0},"end":{"line":43,"column":1}},"line":32},"2":{"name":"mergeBoard","decl":{"start":{"line":49,"column":7},"end":{"line":63,"column":1}},"loc":{"start":{"line":49,"column":7},"end":{"line":63,"column":1}},"line":49}},"f":{"0":671,"1":671,"2":671}}
,"/Users/lizhao/Desktop/playground/game2048/src/core/merge/lineMerger.ts": {"path":"/Users/lizhao/Desktop/playground/game2048/src/core/merge/lineMerger.ts","all":false,"statementMap":{"10":{"start":{"line":11,"column":0},"end":{"line":11,"column":42}},"11":{"start":{"line":12,"column":0},"end":{"line":12,"column":62}},"12":{"start":{"line":13,"column":0},"end":{"line":13,"column":1}},"17":{"start":{"line":18,"column":0},"end":{"line":18,"column":71}},"18":{"start":{"line":19,"column":0},"end":{"line":19,"column":37}},"19":{"start":{"line":20,"column":0},"end":{"line":20,"column":40}},"20":{"start":{"line":21,"column":0},"end":{"line":21,"column":22}},"21":{"start":{"line":22,"column":0},"end":{"line":22,"column":3}},"22":{"start":{"line":23,"column":0},"end":{"line":23,"column":16}},"23":{"start":{"line":24,"column":0},"end":{"line":24,"column":1}},"29":{"start":{"line":30,"column":0},"end":{"line":30,"column":54}},"30":{"start":{"line":31,"column":0},"end":{"line":31,"column":34}},"31":{"start":{"line":32,"column":0},"end":{"line":32,"column":30}},"32":{"start":{"line":33,"column":0},"end":{"line":33,"column":16}},"33":{"start":{"line":34,"column":0},"end":{"line":34,"column":12}},"35":{"start":{"line":36,"column":0},"end":{"line":36,"column":32}},"36":{"start":{"line":37,"column":0},"end":{"line":37,"column":33}},"37":{"start":{"line":38,"column":0},"end":{"line":38,"column":34}},"40":{"start":{"line":41,"column":0},"end":{"line":41,"column":49}},"41":{"start":{"line":42,"column":0},"end":{"line":42,"column":38}},"42":{"start":{"line":43,"column":0},"end":{"line":43,"column":31}},"43":{"start":{"line":44,"column":0},"end":{"line":44,"column":27}},"44":{"start":{"line":45,"column":0},"end":{"line":45,"column":55}},"45":{"start":{"line":46,"column":0},"end":{"line":46,"column":12}},"46":{"start":{"line":47,"column":0},"end":{"line":47,"column":27}},"47":{"start":{"line":48,"column":0},"end":{"line":48,"column":13}},"48":{"start":{"line":49,"column":0},"end":{"line":49,"column":5}},"49":{"start":{"line":50,"column":0},"end":{"line":50,"column":3}},"51":{"start":{"line":52,"column":0},"end":{"line":52,"column":10}},"52":{"start":{"line":53,"column":0},"end":{"line":53,"column":44}},"53":{"start":{"line":54,"column":0},"end":{"line":54,"column":10}},"54":{"start":{"line":55,"column":0},"end":{"line":55,"column":4}},"55":{"start":{"line":56,"column":0},"end":{"line":56,"column":1}}},"s":{"10":2682,"11":2682,"12":2682,"17":2682,"18":2682,"19":2682,"20":4207,"21":4207,"22":2682,"23":2682,"29":1,"30":2682,"31":2682,"32":2682,"33":2682,"35":2682,"36":6501,"37":6501,"40":6501,"41":734,"42":734,"43":734,"44":734,"45":6501,"46":5767,"47":5767,"48":5767,"49":6501,"51":2682,"52":2682,"53":2682,"54":2682,"55":2682},"branchMap":{"0":{"type":"branch","line":11,"loc":{"start":{"line":11,"column":0},"end":{"line":13,"column":1}},"locations":[{"start":{"line":11,"column":0},"end":{"line":13,"column":1}}]},"1":{"type":"branch","line":12,"loc":{"start":{"line":12,"column":21},"end":{"line":12,"column":60}},"locations":[{"start":{"line":12,"column":21},"end":{"line":12,"column":60}}]},"2":{"type":"branch","line":18,"loc":{"start":{"line":18,"column":0},"end":{"line":24,"column":1}},"locations":[{"start":{"line":18,"column":0},"end":{"line":24,"column":1}}]},"3":{"type":"branch","line":20,"loc":{"start":{"line":20,"column":39},"end":{"line":22,"column":3}},"locations":[{"start":{"line":20,"column":39},"end":{"line":22,"column":3}}]},"4":{"type":"branch","line":30,"loc":{"start":{"line":30,"column":7},"end":{"line":56,"column":1}},"locations":[{"start":{"line":30,"column":7},"end":{"line":56,"column":1}}]},"5":{"type":"branch","line":36,"loc":{"start":{"line":36,"column":31},"end":{"line":50,"column":3}},"locations":[{"start":{"line":36,"column":31},"end":{"line":50,"column":3}}]},"6":{"type":"branch","line":41,"loc":{"start":{"line":41,"column":17},"end":{"line":41,"column":48}},"locations":[{"start":{"line":41,"column":17},"end":{"line":41,"column":48}}]},"7":{"type":"branch","line":41,"loc":{"start":{"line":41,"column":48},"end":{"line":46,"column":11}},"locations":[{"start":{"line":41,"column":48},"end":{"line":46,"column":11}}]},"8":{"type":"branch","line":46,"loc":{"start":{"line":46,"column":4},"end":{"line":49,"column":5}},"locations":[{"start":{"line":46,"column":4},"end":{"line":49,"column":5}}]}},"b":{"0":[2682],"1":[10708],"2":[2682],"3":[4207],"4":[2682],"5":[6501],"6":[4326],"7":[734],"8":[5767]},"fnMap":{"0":{"name":"compact","decl":{"start":{"line":11,"column":0},"end":{"line":13,"column":1}},"loc":{"start":{"line":11,"column":0},"end":{"line":13,"column":1}},"line":11},"1":{"name":"padWithNulls","decl":{"start":{"line":18,"column":0},"end":{"line":24,"column":1}},"loc":{"start":{"line":18,"column":0},"end":{"line":24,"column":1}},"line":18},"2":{"name":"mergeLine","decl":{"start":{"line":30,"column":7},"end":{"line":56,"column":1}},"loc":{"start":{"line":30,"column":7},"end":{"line":56,"column":1}},"line":30}},"f":{"0":2682,"1":2682,"2":2682}}
,"/Users/lizhao/Desktop/playground/game2048/src/core/tile/tileGenerator.ts": {"path":"/Users/lizhao/Desktop/playground/game2048/src/core/tile/tileGenerator.ts","all":false,"statementMap":{"0":{"start":{"line":1,"column":0},"end":{"line":1,"column":33}},"8":{"start":{"line":9,"column":0},"end":{"line":9,"column":38}},"9":{"start":{"line":10,"column":0},"end":{"line":10,"column":86}},"10":{"start":{"line":11,"column":0},"end":{"line":11,"column":1}},"18":{"start":{"line":19,"column":0},"end":{"line":19,"column":70}},"19":{"start":{"line":20,"column":0},"end":{"line":20,"column":53}},"21":{"start":{"line":22,"column":0},"end":{"line":22,"column":32}},"22":{"start":{"line":23,"column":0},"end":{"line":23,"column":11}},"23":{"start":{"line":24,"column":0},"end":{"line":24,"column":3}},"25":{"start":{"line":26,"column":0},"end":{"line":26,"column":68}},"26":{"start":{"line":27,"column":0},"end":{"line":27,"column":45}},"28":{"start":{"line":29,"column":0},"end":{"line":29,"column":40}},"29":{"start":{"line":30,"column":0},"end":{"line":30,"column":1}}},"s":{"0":1,"8":2818,"9":2818,"10":2818,"18":1,"19":2819,"21":2819,"22":1,"23":1,"25":2818,"26":2818,"28":2818,"29":2818},"branchMap":{"0":{"type":"branch","line":9,"loc":{"start":{"line":9,"column":0},"end":{"line":11,"column":1}},"locations":[{"start":{"line":9,"column":0},"end":{"line":11,"column":1}}]},"1":{"type":"branch","line":10,"loc":{"start":{"line":10,"column":25},"end":{"line":10,"column":69}},"locations":[{"start":{"line":10,"column":25},"end":{"line":10,"column":69}}]},"2":{"type":"branch","line":10,"loc":{"start":{"line":10,"column":50},"end":{"line":10,"column":86}},"locations":[{"start":{"line":10,"column":50},"end":{"line":10,"column":86}}]},"3":{"type":"branch","line":19,"loc":{"start":{"line":19,"column":7},"end":{"line":30,"column":1}},"locations":[{"start":{"line":19,"column":7},"end":{"line":30,"column":1}}]},"4":{"type":"branch","line":22,"loc":{"start":{"line":22,"column":31},"end":{"line":24,"column":3}},"locations":[{"start":{"line":22,"column":31},"end":{"line":24,"column":3}}]},"5":{"type":"branch","line":24,"loc":{"start":{"line":24,"column":2},"end":{"line":30,"column":1}},"locations":[{"start":{"line":24,"column":2},"end":{"line":30,"column":1}}]}},"b":{"0":[2818],"1":[270],"2":[2548],"3":[2819],"4":[1],"5":[2818]},"fnMap":{"0":{"name":"generateTileValue","decl":{"start":{"line":9,"column":0},"end":{"line":11,"column":1}},"loc":{"start":{"line":9,"column":0},"end":{"line":11,"column":1}},"line":9},"1":{"name":"addRandomTile","decl":{"start":{"line":19,"column":7},"end":{"line":30,"column":1}},"loc":{"start":{"line":19,"column":7},"end":{"line":30,"column":1}},"line":19}},"f":{"0":2818,"1":2819}}
,"/Users/lizhao/Desktop/playground/game2048/src/hooks/useGameState.ts": {"path":"/Users/lizhao/Desktop/playground/game2048/src/hooks/useGameState.ts","all":false,"statementMap":{"0":{"start":{"line":1,"column":0},"end":{"line":1,"column":57}},"37":{"start":{"line":38,"column":0},"end":{"line":38,"column":104}},"38":{"start":{"line":39,"column":0},"end":{"line":39,"column":72}},"39":{"start":{"line":40,"column":0},"end":{"line":40,"column":40}},"40":{"start":{"line":41,"column":0},"end":{"line":41,"column":77}},"41":{"start":{"line":42,"column":0},"end":{"line":42,"column":71}},"44":{"start":{"line":45,"column":0},"end":{"line":45,"column":19}},"45":{"start":{"line":46,"column":0},"end":{"line":46,"column":52}},"46":{"start":{"line":47,"column":0},"end":{"line":47,"column":33}},"47":{"start":{"line":48,"column":0},"end":{"line":48,"column":18}},"52":{"start":{"line":53,"column":0},"end":{"line":53,"column":54}},"54":{"start":{"line":55,"column":0},"end":{"line":55,"column":40}},"55":{"start":{"line":56,"column":0},"end":{"line":56,"column":13}},"56":{"start":{"line":57,"column":0},"end":{"line":57,"column":5}},"59":{"start":{"line":60,"column":0},"end":{"line":60,"column":91}},"62":{"start":{"line":63,"column":0},"end":{"line":63,"column":53}},"63":{"start":{"line":64,"column":0},"end":{"line":64,"column":42}},"64":{"start":{"line":65,"column":0},"end":{"line":65,"column":5}},"67":{"start":{"line":68,"column":0},"end":{"line":68,"column":39}},"70":{"start":{"line":71,"column":0},"end":{"line":71,"column":23}},"73":{"start":{"line":74,"column":0},"end":{"line":74,"column":40}},"74":{"start":{"line":75,"column":0},"end":{"line":75,"column":23}},"77":{"start":{"line":78,"column":0},"end":{"line":78,"column":31}},"78":{"start":{"line":79,"column":0},"end":{"line":79,"column":29}},"79":{"start":{"line":80,"column":0},"end":{"line":80,"column":41}},"80":{"start":{"line":81,"column":0},"end":{"line":81,"column":5}},"83":{"start":{"line":84,"column":0},"end":{"line":84,"column":59}},"84":{"start":{"line":85,"column":0},"end":{"line":85,"column":32}},"85":{"start":{"line":86,"column":0},"end":{"line":86,"column":13}},"86":{"start":{"line":87,"column":0},"end":{"line":87,"column":5}},"89":{"start":{"line":90,"column":0},"end":{"line":90,"column":42}},"90":{"start":{"line":91,"column":0},"end":{"line":91,"column":33}},"91":{"start":{"line":92,"column":0},"end":{"line":92,"column":5}},"92":{"start":{"line":93,"column":0},"end":{"line":93,"column":64}},"97":{"start":{"line":98,"column":0},"end":{"line":98,"column":37}},"98":{"start":{"line":99,"column":0},"end":{"line":99,"column":35}},"99":{"start":{"line":100,"column":0},"end":{"line":100,"column":16}},"100":{"start":{"line":101,"column":0},"end":{"line":101,"column":34}},"101":{"start":{"line":102,"column":0},"end":{"line":102,"column":18}},"106":{"start":{"line":107,"column":0},"end":{"line":107,"column":45}},"107":{"start":{"line":108,"column":0},"end":{"line":108,"column":34}},"108":{"start":{"line":109,"column":0},"end":{"line":109,"column":9}},"110":{"start":{"line":111,"column":0},"end":{"line":111,"column":10}},"111":{"start":{"line":112,"column":0},"end":{"line":112,"column":10}},"112":{"start":{"line":113,"column":0},"end":{"line":113,"column":10}},"113":{"start":{"line":114,"column":0},"end":{"line":114,"column":14}},"114":{"start":{"line":115,"column":0},"end":{"line":115,"column":11}},"115":{"start":{"line":116,"column":0},"end":{"line":116,"column":14}},"116":{"start":{"line":117,"column":0},"end":{"line":117,"column":16}},"117":{"start":{"line":118,"column":0},"end":{"line":118,"column":9}},"118":{"start":{"line":119,"column":0},"end":{"line":119,"column":12}},"119":{"start":{"line":120,"column":0},"end":{"line":120,"column":20}},"120":{"start":{"line":121,"column":0},"end":{"line":121,"column":4}},"121":{"start":{"line":122,"column":0},"end":{"line":122,"column":1}}},"s":{"0":1,"37":1,"38":191,"39":191,"40":191,"41":191,"44":191,"45":21,"46":21,"47":191,"52":191,"54":660,"55":0,"56":0,"59":660,"62":660,"63":54,"64":54,"67":606,"70":606,"73":606,"74":606,"77":660,"78":312,"79":312,"80":312,"83":660,"84":2,"85":2,"86":2,"89":660,"90":1,"91":1,"92":191,"97":191,"98":3,"99":3,"100":3,"101":191,"106":191,"107":2,"108":191,"110":191,"111":191,"112":191,"113":191,"114":191,"115":191,"116":191,"117":191,"118":191,"119":191,"120":191,"121":191},"branchMap":{"0":{"type":"branch","line":38,"loc":{"start":{"line":38,"column":7},"end":{"line":122,"column":1}},"locations":[{"start":{"line":38,"column":7},"end":{"line":122,"column":1}}]},"1":{"type":"branch","line":39,"loc":{"start":{"line":39,"column":44},"end":{"line":39,"column":70}},"locations":[{"start":{"line":39,"column":44},"end":{"line":39,"column":70}}]},"2":{"type":"branch","line":41,"loc":{"start":{"line":41,"column":45},"end":{"line":41,"column":75}},"locations":[{"start":{"line":41,"column":45},"end":{"line":41,"column":75}}]},"3":{"type":"branch","line":45,"loc":{"start":{"line":45,"column":12},"end":{"line":48,"column":5}},"locations":[{"start":{"line":45,"column":12},"end":{"line":48,"column":5}}]},"4":{"type":"branch","line":53,"loc":{"start":{"line":53,"column":27},"end":{"line":93,"column":5}},"locations":[{"start":{"line":53,"column":27},"end":{"line":93,"column":5}}]},"5":{"type":"branch","line":55,"loc":{"start":{"line":55,"column":39},"end":{"line":57,"column":5}},"locations":[{"start":{"line":55,"column":39},"end":{"line":57,"column":5}}]},"6":{"type":"branch","line":63,"loc":{"start":{"line":63,"column":52},"end":{"line":65,"column":5}},"locations":[{"start":{"line":63,"column":52},"end":{"line":65,"column":5}}]},"7":{"type":"branch","line":65,"loc":{"start":{"line":65,"column":4},"end":{"line":78,"column":30}},"locations":[{"start":{"line":65,"column":4},"end":{"line":78,"column":30}}]},"8":{"type":"branch","line":78,"loc":{"start":{"line":78,"column":30},"end":{"line":81,"column":5}},"locations":[{"start":{"line":78,"column":30},"end":{"line":81,"column":5}}]},"9":{"type":"branch","line":81,"loc":{"start":{"line":81,"column":4},"end":{"line":84,"column":58}},"locations":[{"start":{"line":81,"column":4},"end":{"line":84,"column":58}}]},"10":{"type":"branch","line":84,"loc":{"start":{"line":84,"column":58},"end":{"line":87,"column":5}},"locations":[{"start":{"line":84,"column":58},"end":{"line":87,"column":5}}]},"11":{"type":"branch","line":87,"loc":{"start":{"line":87,"column":4},"end":{"line":90,"column":41}},"locations":[{"start":{"line":87,"column":4},"end":{"line":90,"column":41}}]},"12":{"type":"branch","line":90,"loc":{"start":{"line":90,"column":41},"end":{"line":92,"column":5}},"locations":[{"start":{"line":90,"column":41},"end":{"line":92,"column":5}}]},"13":{"type":"branch","line":98,"loc":{"start":{"line":98,"column":30},"end":{"line":102,"column":5}},"locations":[{"start":{"line":98,"column":30},"end":{"line":102,"column":5}}]},"14":{"type":"branch","line":107,"loc":{"start":{"line":107,"column":38},"end":{"line":109,"column":5}},"locations":[{"start":{"line":107,"column":38},"end":{"line":109,"column":5}}]}},"b":{"0":[191],"1":[20],"2":[20],"3":[21],"4":[660],"5":[0],"6":[54],"7":[606],"8":[312],"9":[606],"10":[2],"11":[604],"12":[1],"13":[3],"14":[2]},"fnMap":{"0":{"name":"useGameState","decl":{"start":{"line":38,"column":7},"end":{"line":122,"column":1}},"loc":{"start":{"line":38,"column":7},"end":{"line":122,"column":1}},"line":38}},"f":{"0":191}}
,"/Users/lizhao/Desktop/playground/game2048/src/hooks/useKeyboard.ts": {"path":"/Users/lizhao/Desktop/playground/game2048/src/hooks/useKeyboard.ts","all":false,"statementMap":{"0":{"start":{"line":1,"column":0},"end":{"line":1,"column":34}},"6":{"start":{"line":7,"column":0},"end":{"line":7,"column":44}},"7":{"start":{"line":8,"column":0},"end":{"line":8,"column":28}},"8":{"start":{"line":9,"column":0},"end":{"line":9,"column":30}},"9":{"start":{"line":10,"column":0},"end":{"line":10,"column":24}},"10":{"start":{"line":11,"column":0},"end":{"line":11,"column":28}},"11":{"start":{"line":12,"column":0},"end":{"line":12,"column":2}},"17":{"start":{"line":18,"column":0},"end":{"line":18,"column":75}},"18":{"start":{"line":19,"column":0},"end":{"line":19,"column":19}},"19":{"start":{"line":20,"column":0},"end":{"line":20,"column":59}},"20":{"start":{"line":21,"column":0},"end":{"line":21,"column":43}},"22":{"start":{"line":23,"column":0},"end":{"line":23,"column":22}},"23":{"start":{"line":24,"column":0},"end":{"line":24,"column":52}},"24":{"start":{"line":25,"column":0},"end":{"line":25,"column":26}},"25":{"start":{"line":26,"column":0},"end":{"line":26,"column":7}},"26":{"start":{"line":27,"column":0},"end":{"line":27,"column":6}},"28":{"start":{"line":29,"column":0},"end":{"line":29,"column":54}},"31":{"start":{"line":32,"column":0},"end":{"line":32,"column":18}},"32":{"start":{"line":33,"column":0},"end":{"line":33,"column":59}},"33":{"start":{"line":34,"column":0},"end":{"line":34,"column":6}},"34":{"start":{"line":35,"column":0},"end":{"line":35,"column":15}},"35":{"start":{"line":36,"column":0},"end":{"line":36,"column":1}}},"s":{"0":1,"6":1,"7":1,"8":1,"9":1,"10":1,"11":1,"17":1,"18":7,"19":7,"20":12,"22":12,"23":11,"24":11,"25":11,"26":12,"28":7,"31":7,"32":7,"33":7,"34":7,"35":7},"branchMap":{"0":{"type":"branch","line":18,"loc":{"start":{"line":18,"column":7},"end":{"line":36,"column":1}},"locations":[{"start":{"line":18,"column":7},"end":{"line":36,"column":1}}]},"1":{"type":"branch","line":19,"loc":{"start":{"line":19,"column":12},"end":{"line":35,"column":5}},"locations":[{"start":{"line":19,"column":12},"end":{"line":35,"column":5}}]},"2":{"type":"branch","line":20,"loc":{"start":{"line":20,"column":26},"end":{"line":27,"column":6}},"locations":[{"start":{"line":20,"column":26},"end":{"line":27,"column":6}}]},"3":{"type":"branch","line":23,"loc":{"start":{"line":23,"column":21},"end":{"line":26,"column":7}},"locations":[{"start":{"line":23,"column":21},"end":{"line":26,"column":7}}]},"4":{"type":"branch","line":32,"loc":{"start":{"line":32,"column":11},"end":{"line":34,"column":6}},"locations":[{"start":{"line":32,"column":11},"end":{"line":34,"column":6}}]}},"b":{"0":[7],"1":[7],"2":[12],"3":[11],"4":[7]},"fnMap":{"0":{"name":"useKeyboard","decl":{"start":{"line":18,"column":7},"end":{"line":36,"column":1}},"loc":{"start":{"line":18,"column":7},"end":{"line":36,"column":1}},"line":18},"1":{"name":"handleKeyDown","decl":{"start":{"line":20,"column":26},"end":{"line":27,"column":6}},"loc":{"start":{"line":20,"column":26},"end":{"line":27,"column":6}},"line":20}},"f":{"0":7,"1":12}}
,"/Users/lizhao/Desktop/playground/game2048/src/services/aiService.ts": {"path":"/Users/lizhao/Desktop/playground/game2048/src/services/aiService.ts","all":false,"statementMap":{"0":{"start":{"line":1,"column":0},"end":{"line":1,"column":42}},"7":{"start":{"line":8,"column":0},"end":{"line":8,"column":30}},"8":{"start":{"line":9,"column":0},"end":{"line":9,"column":49}},"9":{"start":{"line":10,"column":0},"end":{"line":10,"column":32}},"10":{"start":{"line":11,"column":0},"end":{"line":11,"column":3}},"15":{"start":{"line":16,"column":0},"end":{"line":16,"column":60}},"16":{"start":{"line":17,"column":0},"end":{"line":17,"column":61}},"17":{"start":{"line":18,"column":0},"end":{"line":18,"column":40}},"18":{"start":{"line":19,"column":0},"end":{"line":19,"column":1}},"23":{"start":{"line":24,"column":0},"end":{"line":24,"column":44}},"24":{"start":{"line":25,"column":0},"end":{"line":25,"column":51}},"25":{"start":{"line":26,"column":0},"end":{"line":26,"column":99}},"28":{"start":{"line":29,"column":0},"end":{"line":29,"column":12}},"43":{"start":{"line":44,"column":0},"end":{"line":44,"column":1}},"51":{"start":{"line":52,"column":0},"end":{"line":52,"column":67}},"52":{"start":{"line":53,"column":0},"end":{"line":53,"column":7}},"53":{"start":{"line":54,"column":0},"end":{"line":54,"column":50}},"54":{"start":{"line":55,"column":0},"end":{"line":55,"column":42}},"55":{"start":{"line":56,"column":0},"end":{"line":56,"column":22}},"56":{"start":{"line":57,"column":0},"end":{"line":57,"column":18}},"57":{"start":{"line":58,"column":0},"end":{"line":58,"column":21}},"58":{"start":{"line":59,"column":0},"end":{"line":59,"column":36}},"59":{"start":{"line":60,"column":0},"end":{"line":60,"column":9}},"60":{"start":{"line":61,"column":0},"end":{"line":61,"column":7}},"63":{"start":{"line":64,"column":0},"end":{"line":64,"column":43}},"64":{"start":{"line":65,"column":0},"end":{"line":65,"column":38}},"65":{"start":{"line":66,"column":0},"end":{"line":66,"column":60}},"66":{"start":{"line":67,"column":0},"end":{"line":67,"column":5}},"68":{"start":{"line":69,"column":0},"end":{"line":69,"column":61}},"71":{"start":{"line":72,"column":0},"end":{"line":72,"column":40}},"72":{"start":{"line":73,"column":0},"end":{"line":73,"column":79}},"73":{"start":{"line":74,"column":0},"end":{"line":74,"column":28}},"74":{"start":{"line":75,"column":0},"end":{"line":75,"column":5}},"76":{"start":{"line":77,"column":0},"end":{"line":77,"column":22}},"77":{"start":{"line":78,"column":0},"end":{"line":78,"column":19}},"78":{"start":{"line":79,"column":0},"end":{"line":79,"column":51}},"79":{"start":{"line":80,"column":0},"end":{"line":80,"column":16}},"80":{"start":{"line":81,"column":0},"end":{"line":81,"column":3}},"81":{"start":{"line":82,"column":0},"end":{"line":82,"column":1}}},"s":{"0":1,"7":1,"8":1,"9":1,"10":1,"15":7,"16":7,"17":7,"18":7,"23":9,"24":9,"25":9,"28":9,"43":9,"51":9,"52":9,"53":9,"54":9,"55":9,"56":9,"57":9,"58":9,"59":9,"60":9,"63":8,"64":9,"65":1,"66":1,"68":7,"71":9,"72":1,"73":1,"74":1,"76":6,"77":9,"78":2,"79":2,"80":2,"81":9},"branchMap":{"0":{"type":"branch","line":16,"loc":{"start":{"line":16,"column":0},"end":{"line":19,"column":1}},"locations":[{"start":{"line":16,"column":0},"end":{"line":19,"column":1}}]},"1":{"type":"branch","line":24,"loc":{"start":{"line":24,"column":0},"end":{"line":44,"column":1}},"locations":[{"start":{"line":24,"column":0},"end":{"line":44,"column":1}}]},"2":{"type":"branch","line":52,"loc":{"start":{"line":52,"column":0},"end":{"line":82,"column":1}},"locations":[{"start":{"line":52,"column":0},"end":{"line":82,"column":1}}]},"3":{"type":"branch","line":61,"loc":{"start":{"line":61,"column":5},"end":{"line":65,"column":37}},"locations":[{"start":{"line":61,"column":5},"end":{"line":65,"column":37}}]},"4":{"type":"branch","line":65,"loc":{"start":{"line":65,"column":37},"end":{"line":67,"column":5}},"locations":[{"start":{"line":65,"column":37},"end":{"line":67,"column":5}}]},"5":{"type":"branch","line":67,"loc":{"start":{"line":67,"column":4},"end":{"line":72,"column":39}},"locations":[{"start":{"line":67,"column":4},"end":{"line":72,"column":39}}]},"6":{"type":"branch","line":72,"loc":{"start":{"line":72,"column":39},"end":{"line":75,"column":5}},"locations":[{"start":{"line":72,"column":39},"end":{"line":75,"column":5}}]},"7":{"type":"branch","line":75,"loc":{"start":{"line":75,"column":4},"end":{"line":78,"column":11}},"locations":[{"start":{"line":75,"column":4},"end":{"line":78,"column":11}}]},"8":{"type":"branch","line":78,"loc":{"start":{"line":78,"column":2},"end":{"line":81,"column":3}},"locations":[{"start":{"line":78,"column":2},"end":{"line":81,"column":3}}]}},"b":{"0":[7],"1":[9],"2":[9],"3":[8],"4":[1],"5":[7],"6":[1],"7":[6],"8":[2]},"fnMap":{"0":{"name":"isValidDirection","decl":{"start":{"line":16,"column":0},"end":{"line":19,"column":1}},"loc":{"start":{"line":16,"column":0},"end":{"line":19,"column":1}},"line":16},"1":{"name":"buildPrompt","decl":{"start":{"line":24,"column":0},"end":{"line":44,"column":1}},"loc":{"start":{"line":24,"column":0},"end":{"line":44,"column":1}},"line":24},"2":{"name":"getAIHint","decl":{"start":{"line":52,"column":0},"end":{"line":82,"column":1}},"loc":{"start":{"line":52,"column":0},"end":{"line":82,"column":1}},"line":52}},"f":{"0":7,"1":9,"2":9}}
[...]
d":{"line":47,"column":19}},"47":{"start":{"line":48,"column":0},"end":{"line":48,"column":73}},"48":{"start":{"line":49,"column":0},"end":{"line":49,"column":3}},"49":{"start":{"line":50,"column":0},"end":{"line":50,"column":1}},"54":{"start":{"line":55,"column":0},"end":{"line":55,"column":44}},"55":{"start":{"line":56,"column":0},"end":{"line":56,"column":7}},"56":{"start":{"line":57,"column":0},"end":{"line":57,"column":43}},"57":{"start":{"line":58,"column":0},"end":{"line":58,"column":25}},"58":{"start":{"line":59,"column":0},"end":{"line":59,"column":46}},"59":{"start":{"line":60,"column":0},"end":{"line":60,"column":37}},"60":{"start":{"line":61,"column":0},"end":{"line":61,"column":7}},"61":{"start":{"line":62,"column":0},"end":{"line":62,"column":7}},"62":{"start":{"line":63,"column":0},"end":{"line":63,"column":19}},"63":{"start":{"line":64,"column":0},"end":{"line":64,"column":78}},"64":{"start":{"line":65,"column":0},"end":{"line":65,"column":3}},"65":{"start":{"line":66,"column":0},"end":{"line":66,"column":1}}},"s":{"4":1,"9":29,"10":29,"11":29,"16":1,"17":13,"18":13,"19":13,"20":13,"21":13,"22":1,"23":1,"24":1,"25":13,"30":1,"31":13,"32":13,"33":13,"34":13,"35":1,"36":1,"37":13,"42":1,"43":3,"44":3,"45":3,"46":3,"47":1,"48":1,"49":3,"54":1,"55":3,"56":3,"57":3,"58":11,"59":4,"60":4,"61":3,"62":3,"63":0,"64":0,"65":3},"branchMap":{"0":{"type":"branch","line":10,"loc":{"start":{"line":10,"column":0},"end":{"line":12,"column":1}},"locations":[{"start":{"line":10,"column":0},"end":{"line":12,"column":1}}]},"1":{"type":"branch","line":17,"loc":{"start":{"line":17,"column":7},"end":{"line":26,"column":1}},"locations":[{"start":{"line":17,"column":7},"end":{"line":26,"column":1}}]},"2":{"type":"branch","line":21,"loc":{"start":{"line":21,"column":11},"end":{"line":21,"column":43}},"locations":[{"start":{"line":21,"column":11},"end":{"line":21,"column":43}}]},"3":{"type":"branch","line":21,"loc":{"start":{"line":21,"column":39},"end":{"line":21,"column":45}},"locations":[{"start":{"line":21,"column":39},"end":{"line":21,"column":45}}]},"4":{"type":"branch","line":22,"loc":{"start":{"line":22,"column":2},"end":{"line":25,"column":3}},"locations":[{"start":{"line":22,"column":2},"end":{"line":25,"column":3}}]},"5":{"type":"branch","line":31,"loc":{"start":{"line":31,"column":7},"end":{"line":38,"column":1}},"locations":[{"start":{"line":31,"column":7},"end":{"line":38,"column":1}}]},"6":{"type":"branch","line":35,"loc":{"start":{"line":35,"column":2},"end":{"line":37,"column":3}},"locations":[{"start":{"line":35,"column":2},"end":{"line":37,"column":3}}]},"7":{"type":"branch","line":43,"loc":{"start":{"line":43,"column":7},"end":{"line":50,"column":1}},"locations":[{"start":{"line":43,"column":7},"end":{"line":50,"column":1}}]},"8":{"type":"branch","line":47,"loc":{"start":{"line":47,"column":2},"end":{"line":49,"column":3}},"locations":[{"start":{"line":47,"column":2},"end":{"line":49,"column":3}}]},"9":{"type":"branch","line":55,"loc":{"start":{"line":55,"column":7},"end":{"line":66,"column":1}},"locations":[{"start":{"line":55,"column":7},"end":{"line":66,"column":1}}]},"10":{"type":"branch","line":63,"loc":{"start":{"line":63,"column":2},"end":{"line":65,"column":3}},"locations":[{"start":{"line":63,"column":2},"end":{"line":65,"column":3}}]},"11":{"type":"branch","line":58,"loc":{"start":{"line":58,"column":17},"end":{"line":62,"column":5}},"locations":[{"start":{"line":58,"column":17},"end":{"line":62,"column":5}}]},"12":{"type":"branch","line":59,"loc":{"start":{"line":59,"column":45},"end":{"line":61,"column":7}},"locations":[{"start":{"line":59,"column":45},"end":{"line":61,"column":7}}]}},"b":{"0":[29],"1":[13],"2":[6],"3":[6],"4":[1],"5":[13],"6":[1],"7":[3],"8":[1],"9":[3],"10":[0],"11":[11],"12":[4]},"fnMap":{"0":{"name":"getStorageKey","decl":{"start":{"line":10,"column":0},"end":{"line":12,"column":1}},"loc":{"start":{"line":10,"column":0},"end":{"line":12,"column":1}},"line":10},"1":{"name":"loadBestScore","decl":{"start":{"line":17,"column":7},"end":{"line":26,"column":1}},"loc":{"start":{"line":17,"column":7},"end":{"line":26,"column":1}},"line":17},"2":{"name":"saveBestScore","decl":{"start":{"line":31,"column":7},"end":{"line":38,"column":1}},"loc":{"start":{"line":31,"column":7},"end":{"line":38,"column":1}},"line":31},"3":{"name":"clearBestScore","decl":{"start":{"line":43,"column":7},"end":{"line":50,"column":1}},"loc":{"start":{"line":43,"column":7},"end":{"line":50,"column":1}},"line":43},"4":{"name":"clearAllBestScores","decl":{"start":{"line":55,"column":7},"end":{"line":66,"column":1}},"loc":{"start":{"line":55,"column":7},"end":{"line":66,"column":1}},"line":55}},"f":{"0":29,"1":13,"2":13,"3":3,"4":3}}
,"/Users/lizhao/Desktop/playground/game2048/src/theme/ThemeContext.tsx": {"path":"/Users/lizhao/Desktop/playground/game2048/src/theme/ThemeContext.tsx","all":false,"statementMap":{"0":{"start":{"line":1,"column":0},"end":{"line":1,"column":50}},"8":{"start":{"line":9,"column":0},"end":{"line":9,"column":84}},"13":{"start":{"line":14,"column":0},"end":{"line":14,"column":50}},"14":{"start":{"line":15,"column":0},"end":{"line":15,"column":43}},"16":{"start":{"line":17,"column":0},"end":{"line":17,"column":17}},"17":{"start":{"line":18,"column":0},"end":{"line":18,"column":68}},"18":{"start":{"line":19,"column":0},"end":{"line":19,"column":3}},"20":{"start":{"line":21,"column":0},"end":{"line":21,"column":17}},"21":{"start":{"line":22,"column":0},"end":{"line":22,"column":2}}},"s":{"0":1,"8":1,"13":1,"14":40,"16":40,"17":0,"18":0,"20":40,"21":40},"branchMap":{"0":{"type":"branch","line":14,"loc":{"start":{"line":14,"column":24},"end":{"line":22,"column":2}},"locations":[{"start":{"line":14,"column":24},"end":{"line":22,"column":2}}]},"1":{"type":"branch","line":17,"loc":{"start":{"line":17,"column":16},"end":{"line":19,"column":3}},"locations":[{"start":{"line":17,"column":16},"end":{"line":19,"column":3}}]}},"b":{"0":[40],"1":[0]},"fnMap":{"0":{"name":"useTheme","decl":{"start":{"line":14,"column":24},"end":{"line":22,"column":2}},"loc":{"start":{"line":14,"column":24},"end":{"line":22,"column":2}},"line":14}},"f":{"0":40}}
,"/Users/lizhao/Desktop/playground/game2048/src/theme/ThemeProvider.tsx": {"path":"/Users/lizhao/Desktop/playground/game2048/src/theme/ThemeProvider.tsx","all":false,"statementMap":{"0":{"start":{"line":1,"column":0},"end":{"line":1,"column":68}},"12":{"start":{"line":13,"column":0},"end":{"line":13,"column":44}},"13":{"start":{"line":14,"column":0},"end":{"line":14,"column":40}},"15":{"start":{"line":16,"column":0},"end":{"line":16,"column":29}},"16":{"start":{"line":17,"column":0},"end":{"line":17,"column":31}},"17":{"start":{"line":18,"column":0},"end":{"line":18,"column":10}},"18":{"start":{"line":19,"column":0},"end":{"line":19,"column":34}},"19":{"start":{"line":20,"column":0},"end":{"line":20,"column":3}},"20":{"start":{"line":21,"column":0},"end":{"line":21,"column":2}},"25":{"start":{"line":26,"column":0},"end":{"line":26,"column":68}},"26":{"start":{"line":27,"column":0},"end":{"line":27,"column":51}},"28":{"start":{"line":29,"column":0},"end":{"line":29,"column":47}},"29":{"start":{"line":30,"column":0},"end":{"line":30,"column":5}},"32":{"start":{"line":33,"column":0},"end":{"line":33,"column":19}},"33":{"start":{"line":34,"column":0},"end":{"line":34,"column":22}},"34":{"start":{"line":35,"column":0},"end":{"line":35,"column":14}},"37":{"start":{"line":38,"column":0},"end":{"line":38,"column":19}},"38":{"start":{"line":39,"column":0},"end":{"line":39,"column":73}},"40":{"start":{"line":41,"column":0},"end":{"line":41,"column":54}},"42":{"start":{"line":43,"column":0},"end":{"line":43,"column":29}},"43":{"start":{"line":44,"column":0},"end":{"line":44,"column":62}},"44":{"start":{"line":45,"column":0},"end":{"line":45,"column":27}},"45":{"start":{"line":46,"column":0},"end":{"line":46,"column":7}},"46":{"start":{"line":47,"column":0},"end":{"line":47,"column":6}},"48":{"start":{"line":49,"column":0},"end":{"line":49,"column":56}},"49":{"start":{"line":50,"column":0},"end":{"line":50,"column":72}},"50":{"start":{"line":51,"column":0},"end":{"line":51,"column":9}},"52":{"start":{"line":53,"column":0},"end":{"line":53,"column":41}},"53":{"start":{"line":54,"column":0},"end":{"line":54,"column":70}},"54":{"start":{"line":55,"column":0},"end":{"line":55,"column":23}},"55":{"start":{"line":56,"column":0},"end":{"line":56,"column":24}},"56":{"start":{"line":57,"column":0},"end":{"line":57,"column":14}},"58":{"start":{"line":59,"column":0},"end":{"line":59,"column":10}},"59":{"start":{"line":60,"column":0},"end":{"line":60,"column":58}},"60":{"start":{"line":61,"column":0},"end":{"line":61,"column":16}},"61":{"start":{"line":62,"column":0},"end":{"line":62,"column":28}},"63":{"start":{"line":64,"column":0},"end":{"line":64,"column":2}}},"s":{"0":1,"12":1,"13":46,"15":46,"16":12,"17":44,"18":34,"19":34,"20":46,"25":1,"26":46,"28":40,"29":46,"32":46,"33":46,"34":46,"37":46,"38":40,"40":40,"42":0,"43":0,"44":0,"45":0,"46":0,"48":40,"49":40,"50":46,"52":46,"53":6,"54":6,"55":6,"56":46,"58":46,"59":46,"60":46,"61":46,"63":46},"branchMap":{"0":{"type":"branch","line":13,"loc":{"start":{"line":13,"column":19},"end":{"line":21,"column":2}},"locations":[{"start":{"line":13,"column":19},"end":{"line":21,"column":2}}]},"1":{"type":"branch","line":16,"loc":{"start":{"line":16,"column":28},"end":{"line":20,"column":3}},"locations":[{"start":{"line":16,"column":28},"end":{"line":20,"column":3}}]},"2":{"type":"branch","line":16,"loc":{"start":{"line":16,"column":28},"end":{"line":18,"column":9}},"locations":[{"start":{"line":16,"column":28},"end":{"line":18,"column":9}}]},"3":{"type":"branch","line":18,"loc":{"start":{"line":18,"column":2},"end":{"line":20,"column":3}},"locations":[{"start":{"line":18,"column":2},"end":{"line":20,"column":3}}]},"4":{"type":"branch","line":26,"loc":{"start":{"line":26,"column":29},"end":{"line":64,"column":2}},"locations":[{"start":{"line":26,"column":29},"end":{"line":64,"column":2}}]},"5":{"type":"branch","line":27,"loc":{"start":{"line":27,"column":44},"end":{"line":30,"column":3}},"locations":[{"start":{"line":27,"column":44},"end":{"line":30,"column":3}}]},"6":{"type":"branch","line":29,"loc":{"start":{"line":29,"column":25},"end":{"line":29,"column":47}},"locations":[{"start":{"line":29,"column":25},"end":{"line":29,"column":47}}]},"7":{"type":"branch","line":33,"loc":{"start":{"line":33,"column":12},"end":{"line":35,"column":5}},"locations":[{"start":{"line":33,"column":12},"end":{"line":35,"column":5}}]},"8":{"type":"branch","line":38,"loc":{"start":{"line":38,"column":12},"end":{"line":51,"column":5}},"locations":[{"start":{"line":38,"column":12},"end":{"line":51,"column":5}}]},"9":{"type":"branch","line":50,"loc":{"start":{"line":50,"column":11},"end":{"line":50,"column":72}},"locations":[{"start":{"line":50,"column":11},"end":{"line":50,"column":72}}]},"10":{"type":"branch","line":53,"loc":{"start":{"line":53,"column":34},"end":{"line":57,"column":5}},"locations":[{"start":{"line":53,"column":34},"end":{"line":57,"column":5}}]},"11":{"type":"branch","line":54,"loc":{"start":{"line":54,"column":37},"end":{"line":54,"column":58}},"locations":[{"start":{"line":54,"column":37},"end":{"line":54,"column":58}}]},"12":{"type":"branch","line":54,"loc":{"start":{"line":54,"column":51},"end":{"line":54,"column":70}},"locations":[{"start":{"line":54,"column":51},"end":{"line":54,"column":70}}]}},"b":{"0":[46],"1":[44],"2":[12],"3":[34],"4":[46],"5":[40],"6":[27],"7":[46],"8":[40],"9":[40],"10":[6],"11":[4],"12":[2]},"fnMap":{"0":{"name":"applyTheme","decl":{"start":{"line":13,"column":19},"end":{"line":21,"column":2}},"loc":{"start":{"line":13,"column":19},"end":{"line":21,"column":2}},"line":13},"1":{"name":"ThemeProvider","decl":{"start":{"line":26,"column":29},"end":{"line":64,"column":2}},"loc":{"start":{"line":26,"column":29},"end":{"line":64,"column":2}},"line":26},"2":{"name":"handleChange","decl":{"start":{"line":41,"column":25},"end":{"line":47,"column":6}},"loc":{"start":{"line":41,"column":25},"end":{"line":47,"column":6}},"line":41}},"f":{"0":46,"1":46,"2":0}}
,"/Users/lizhao/Desktop/playground/game2048/src/theme/ThemeToggle.tsx": {"path":"/Users/lizhao/Desktop/playground/game2048/src/theme/ThemeToggle.tsx","all":false,"statementMap":{"0":{"start":{"line":1,"column":0},"end":{"line":1,"column":32}},"7":{"start":{"line":8,"column":0},"end":{"line":8,"column":34}},"8":{"start":{"line":9,"column":0},"end":{"line":9,"column":44}},"9":{"start":{"line":10,"column":0},"end":{"line":10,"column":38}},"10":{"start":{"line":11,"column":0},"end":{"line":11,"column":42}},"12":{"start":{"line":13,"column":0},"end":{"line":13,"column":10}},"13":{"start":{"line":14,"column":0},"end":{"line":14,"column":11}},"14":{"start":{"line":15,"column":0},"end":{"line":15,"column":27}},"15":{"start":{"line":16,"column":0},"end":{"line":16,"column":133}},"16":{"start":{"line":17,"column":0},"end":{"line":17,"column":49}},"17":{"start":{"line":18,"column":0},"end":{"line":18,"column":44}},"19":{"start":{"line":20,"column":0},"end":{"line":20,"column":17}},"20":{"start":{"line":21,"column":0},"end":{"line":21,"column":51}},"22":{"start":{"line":23,"column":0},"end":{"line":23,"column":50}},"24":{"start":{"line":25,"column":0},"end":{"line":25,"column":13}},"26":{"start":{"line":27,"column":0},"end":{"line":27,"column":2}}},"s":{"0":1,"7":1,"8":30,"9":30,"10":30,"12":30,"13":30,"14":30,"15":30,"16":30,"17":30,"19":30,"20":4,"22":26,"24":30,"26":30},"branchMap":{"0":{"type":"branch","line":8,"loc":{"start":{"line":8,"column":27},"end":{"line":27,"column":2}},"locations":[{"start":{"line":8,"column":27},"end":{"line":27,"column":2}}]},"1":{"type":"branch","line":11,"loc":{"start":{"line":11,"column":16},"end":{"line":11,"column":35}},"locations":[{"start":{"line":11,"column":16},"end":{"line":11,"column":35}}]},"2":{"type":"branch","line":11,"loc":{"start":{"line":11,"column":25},"end":{"line":11,"column":42}},"locations":[{"start":{"line":11,"column":25},"end":{"line":11,"column":42}}]},"3":{"type":"branch","line":20,"loc":{"start":{"line":20,"column":7},"end":{"line":21,"column":51}},"locations":[{"start":{"line":20,"column":7},"end":{"line":21,"column":51}}]},"4":{"type":"branch","line":21,"loc":{"start":{"line":21,"column":49},"end":{"line":23,"column":50}},"locations":[{"start":{"line":21,"column":49},"end":{"line":23,"column":50}}]}},"b":{"0":[30],"1":[4],"2":[26],"3":[4],"4":[26]},"fnMap":{"0":{"name":"ThemeToggle","decl":{"start":{"line":8,"column":27},"end":{"line":27,"column":2}},"loc":{"start":{"line":8,"column":27},"end":{"line":27,"column":2}},"line":8}},"f":{"0":30}}
,"/Users/lizhao/Desktop/playground/game2048/src/theme/storage.ts": {"path":"/Users/lizhao/Desktop/playground/game2048/src/theme/storage.ts","all":false,"statementMap":{"0":{"start":{"line":1,"column":0},"end":{"line":1,"column":51}},"5":{"start":{"line":6,"column":0},"end":{"line":6,"column":50}},"6":{"start":{"line":7,"column":0},"end":{"line":7,"column":7}},"7":{"start":{"line":8,"column":0},"end":{"line":8,"column":58}},"8":{"start":{"line":9,"column":0},"end":{"line":9,"column":72}},"9":{"start":{"line":10,"column":0},"end":{"line":10,"column":11}},"10":{"start":{"line":11,"column":0},"end":{"line":11,"column":16}},"11":{"start":{"line":12,"column":0},"end":{"line":12,"column":3}},"12":{"start":{"line":13,"column":0},"end":{"line":13,"column":2}},"17":{"start":{"line":18,"column":0},"end":{"line":18,"column":50}},"18":{"start":{"line":19,"column":0},"end":{"line":19,"column":7}},"19":{"start":{"line":20,"column":0},"end":{"line":20,"column":51}},"20":{"start":{"line":21,"column":0},"end":{"line":21,"column":19}},"21":{"start":{"line":22,"column":0},"end":{"line":22,"column":49}},"22":{"start":{"line":23,"column":0},"end":{"line":23,"column":3}},"23":{"start":{"line":24,"column":0},"end":{"line":24,"column":2}},"28":{"start":{"line":29,"column":0},"end":{"line":29,"column":44}},"29":{"start":{"line":30,"column":0},"end":{"line":30,"column":56}},"31":{"start":{"line":32,"column":0},"end":{"line":32,"column":66}},"32":{"start":{"line":33,"column":0},"end":{"line":33,"column":16}},"33":{"start":{"line":34,"column":0},"end":{"line":34,"column":18}},"34":{"start":{"line":35,"column":0},"end":{"line":35,"column":2}}},"s":{"0":1,"5":1,"6":7,"7":7,"8":7,"9":7,"10":1,"11":1,"12":7,"17":1,"18":8,"19":8,"20":8,"21":1,"22":1,"23":8,"28":1,"29":3,"31":2,"32":1,"33":1,"34":3},"branchMap":{"0":{"type":"branch","line":6,"loc":{"start":{"line":6,"column":29},"end":{"line":13,"column":2}},"locations":[{"start":{"line":6,"column":29},"end":{"line":13,"column":2}}]},"1":{"type":"branch","line":9,"loc":{"start":{"line":9,"column":27},"end":{"line":9,"column":59}},"locations":[{"start":{"line":9,"column":27},"end":{"line":9,"column":59}}]},"2":{"type":"branch","line":9,"loc":{"start":{"line":9,"column":52},"end":{"line":9,"column":67}},"locations":[{"start":{"line":9,"column":52},"end":{"line":9,"column":67}}]},"3":{"type":"branch","line":9,"loc":{"start":{"line":9,"column":59},"end":{"line":9,"column":72}},"locations":[{"start":{"line":9,"column":59},"end":{"line":9,"column":72}}]},"4":{"type":"branch","line":10,"loc":{"start":{"line":10,"column":2},"end":{"line":12,"column":3}},"locations":[{"start":{"line":10,"column":2},"end":{"line":12,"column":3}}]},"5":{"type":"branch","line":18,"loc":{"start":{"line":18,"column":25},"end":{"line":24,"column":2}},"locations":[{"start":{"line":18,"column":25},"end":{"line":24,"column":2}}]},"6":{"type":"branch","line":21,"loc":{"start":{"line":21,"column":2},"end":{"line":23,"column":3}},"locations":[{"start":{"line":21,"column":2},"end":{"line":23,"column":3}}]},"7":{"type":"branch","line":29,"loc":{"start":{"line":29,"column":30},"end":{"line":35,"column":2}},"locations":[{"start":{"line":29,"column":30},"end":{"line":35,"column":2}}]},"8":{"type":"branch","line":30,"loc":{"start":{"line":30,"column":37},"end":{"line":30,"column":56}},"locations":[{"start":{"line":30,"column":37},"end":{"line":30,"column":56}}]},"9":{"type":"branch","line":30,"loc":{"start":{"line":30,"column":50},"end":{"line":32,"column":66}},"locations":[{"start":{"line":30,"column":50},"end":{"line":32,"column":66}}]},"10":{"type":"branch","line":32,"loc":{"start":{"line":32,"column":59},"end":{"line":33,"column":16}},"locations":[{"start":{"line":32,"column":59},"end":{"line":33,"column":16}}]},"11":{"type":"branch","line":33,"loc":{"start":{"line":33,"column":12},"end":{"line":34,"column":18}},"locations":[{"start":{"line":33,"column":12},"end":{"line":34,"column":18}}]}},"b":{"0":[7],"1":[4],"2":[4],"3":[2],"4":[1],"5":[8],"6":[1],"7":[3],"8":[1],"9":[2],"10":[1],"11":[1]},"fnMap":{"0":{"name":"getSavedTheme","decl":{"start":{"line":6,"column":29},"end":{"line":13,"column":2}},"loc":{"start":{"line":6,"column":29},"end":{"line":13,"column":2}},"line":6},"1":{"name":"saveTheme","decl":{"start":{"line":18,"column":25},"end":{"line":24,"column":2}},"loc":{"start":{"line":18,"column":25},"end":{"line":24,"column":2}},"line":18},"2":{"name":"getSystemTheme","decl":{"start":{"line":29,"column":30},"end":{"line":35,"column":2}},"loc":{"start":{"line":29,"column":30},"end":{"line":35,"column":2}},"line":29}},"f":{"0":7,"1":8,"2":3}}
,"/Users/lizhao/Desktop/playground/game2048/src/theme/types.ts": {"path":"/Users/lizhao/Desktop/playground/game2048/src/theme/types.ts","all":false,"statementMap":{"4":{"start":{"line":5,"column":0},"end":{"line":5,"column":19}},"5":{"start":{"line":6,"column":0},"end":{"line":6,"column":18}},"6":{"start":{"line":7,"column":0},"end":{"line":7,"column":16}},"9":{"start":{"line":10,"column":0},"end":{"line":10,"column":51}}},"s":{"4":1,"5":1,"6":1,"9":1},"branchMap":{"0":{"type":"branch","line":5,"loc":{"start":{"line":5,"column":7},"end":{"line":5,"column":19}},"locations":[{"start":{"line":5,"column":7},"end":{"line":5,"column":19}}]}},"b":{"0":[5]},"fnMap":{},"f":{}}
}
